Analysis & Synthesis report for EE705project
Thu Jun 16 17:02:24 2022
Quartus Prime Version 18.1.0 Build 625 09/12/2018 SJ Lite Edition


---------------------
; Table of Contents ;
---------------------
  1. Legal Notice
  2. Analysis & Synthesis Summary
  3. Analysis & Synthesis Settings
  4. Parallel Compilation
  5. Analysis & Synthesis Source Files Read
  6. Analysis & Synthesis Resource Usage Summary
  7. Analysis & Synthesis Resource Utilization by Entity
  8. General Register Statistics
  9. Port Connectivity Checks: "cosine:c3"
 10. Port Connectivity Checks: "cosine:c2"
 11. Port Connectivity Checks: "cosine:c1"
 12. Port Connectivity Checks: "sine:s3"
 13. Port Connectivity Checks: "sine:s2"
 14. Port Connectivity Checks: "sine:s1"
 15. Post-Synthesis Netlist Statistics for Top Partition
 16. Elapsed Time Per Partition
 17. Analysis & Synthesis Messages



----------------
; Legal Notice ;
----------------
Copyright (C) 2018  Intel Corporation. All rights reserved.
Your use of Intel Corporation's design tools, logic functions 
and other software and tools, and its AMPP partner logic 
functions, and any output files from any of the foregoing 
(including device programming or simulation files), and any 
associated documentation or information are expressly subject 
to the terms and conditions of the Intel Program License 
Subscription Agreement, the Intel Quartus Prime License Agreement,
the Intel FPGA IP License Agreement, or other applicable license
agreement, including, without limitation, that your use is for
the sole purpose of programming logic devices manufactured by
Intel and sold by Intel or its authorized distributors.  Please
refer to the applicable agreement for further details.



+----------------------------------------------------------------------------------+
; Analysis & Synthesis Summary                                                     ;
+------------------------------------+---------------------------------------------+
; Analysis & Synthesis Status        ; Successful - Thu Jun 16 17:02:24 2022       ;
; Quartus Prime Version              ; 18.1.0 Build 625 09/12/2018 SJ Lite Edition ;
; Revision Name                      ; EE705project                                ;
; Top-level Entity Name              ; main                                        ;
; Family                             ; Cyclone IV E                                ;
; Total logic elements               ; 0                                           ;
;     Total combinational functions  ; 0                                           ;
;     Dedicated logic registers      ; 0                                           ;
; Total registers                    ; 0                                           ;
; Total pins                         ; 50                                          ;
; Total virtual pins                 ; 0                                           ;
; Total memory bits                  ; 0                                           ;
; Embedded Multiplier 9-bit elements ; 0                                           ;
; Total PLLs                         ; 0                                           ;
+------------------------------------+---------------------------------------------+


+------------------------------------------------------------------------------------------------------------+
; Analysis & Synthesis Settings                                                                              ;
+------------------------------------------------------------------+--------------------+--------------------+
; Option                                                           ; Setting            ; Default Value      ;
+------------------------------------------------------------------+--------------------+--------------------+
; Device                                                           ; EP4CE22F17C6       ;                    ;
; Top-level entity name                                            ; main               ; EE705project       ;
; Family name                                                      ; Cyclone IV E       ; Cyclone V          ;
; Use smart compilation                                            ; Off                ; Off                ;
; Enable parallel Assembler and Timing Analyzer during compilation ; On                 ; On                 ;
; Enable compact report table                                      ; Off                ; Off                ;
; Restructure Multiplexers                                         ; Auto               ; Auto               ;
; Create Debugging Nodes for IP Cores                              ; Off                ; Off                ;
; Preserve fewer node names                                        ; On                 ; On                 ;
; Intel FPGA IP Evaluation Mode                                    ; Enable             ; Enable             ;
; Verilog Version                                                  ; Verilog_2001       ; Verilog_2001       ;
; VHDL Version                                                     ; VHDL_1993          ; VHDL_1993          ;
; State Machine Processing                                         ; Auto               ; Auto               ;
; Safe State Machine                                               ; Off                ; Off                ;
; Extract Verilog State Machines                                   ; On                 ; On                 ;
; Extract VHDL State Machines                                      ; On                 ; On                 ;
; Ignore Verilog initial constructs                                ; Off                ; Off                ;
; Iteration limit for constant Verilog loops                       ; 5000               ; 5000               ;
; Iteration limit for non-constant Verilog loops                   ; 250                ; 250                ;
; Add Pass-Through Logic to Inferred RAMs                          ; On                 ; On                 ;
; Infer RAMs from Raw Logic                                        ; On                 ; On                 ;
; Parallel Synthesis                                               ; On                 ; On                 ;
; DSP Block Balancing                                              ; Auto               ; Auto               ;
; NOT Gate Push-Back                                               ; On                 ; On                 ;
; Power-Up Don't Care                                              ; On                 ; On                 ;
; Remove Redundant Logic Cells                                     ; Off                ; Off                ;
; Remove Duplicate Registers                                       ; On                 ; On                 ;
; Ignore CARRY Buffers                                             ; Off                ; Off                ;
; Ignore CASCADE Buffers                                           ; Off                ; Off                ;
; Ignore GLOBAL Buffers                                            ; Off                ; Off                ;
; Ignore ROW GLOBAL Buffers                                        ; Off                ; Off                ;
; Ignore LCELL Buffers                                             ; Off                ; Off                ;
; Ignore SOFT Buffers                                              ; On                 ; On                 ;
; Limit AHDL Integers to 32 Bits                                   ; Off                ; Off                ;
; Optimization Technique                                           ; Balanced           ; Balanced           ;
; Carry Chain Length                                               ; 70                 ; 70                 ;
; Auto Carry Chains                                                ; On                 ; On                 ;
; Auto Open-Drain Pins                                             ; On                 ; On                 ;
; Perform WYSIWYG Primitive Resynthesis                            ; Off                ; Off                ;
; Auto ROM Replacement                                             ; On                 ; On                 ;
; Auto RAM Replacement                                             ; On                 ; On                 ;
; Auto DSP Block Replacement                                       ; On                 ; On                 ;
; Auto Shift Register Replacement                                  ; Auto               ; Auto               ;
; Allow Shift Register Merging across Hierarchies                  ; Auto               ; Auto               ;
; Auto Clock Enable Replacement                                    ; On                 ; On                 ;
; Strict RAM Replacement                                           ; Off                ; Off                ;
; Allow Synchronous Control Signals                                ; On                 ; On                 ;
; Force Use of Synchronous Clear Signals                           ; Off                ; Off                ;
; Auto RAM Block Balancing                                         ; On                 ; On                 ;
; Auto RAM to Logic Cell Conversion                                ; Off                ; Off                ;
; Auto Resource Sharing                                            ; Off                ; Off                ;
; Allow Any RAM Size For Recognition                               ; Off                ; Off                ;
; Allow Any ROM Size For Recognition                               ; Off                ; Off                ;
; Allow Any Shift Register Size For Recognition                    ; Off                ; Off                ;
; Use LogicLock Constraints during Resource Balancing              ; On                 ; On                 ;
; Ignore translate_off and synthesis_off directives                ; Off                ; Off                ;
; Timing-Driven Synthesis                                          ; On                 ; On                 ;
; Report Parameter Settings                                        ; On                 ; On                 ;
; Report Source Assignments                                        ; On                 ; On                 ;
; Report Connectivity Checks                                       ; On                 ; On                 ;
; Ignore Maximum Fan-Out Assignments                               ; Off                ; Off                ;
; Synchronization Register Chain Length                            ; 2                  ; 2                  ;
; Power Optimization During Synthesis                              ; Normal compilation ; Normal compilation ;
; HDL message level                                                ; Level2             ; Level2             ;
; Suppress Register Optimization Related Messages                  ; Off                ; Off                ;
; Number of Removed Registers Reported in Synthesis Report         ; 5000               ; 5000               ;
; Number of Swept Nodes Reported in Synthesis Report               ; 5000               ; 5000               ;
; Number of Inverted Registers Reported in Synthesis Report        ; 100                ; 100                ;
; Clock MUX Protection                                             ; On                 ; On                 ;
; Auto Gated Clock Conversion                                      ; Off                ; Off                ;
; Block Design Naming                                              ; Auto               ; Auto               ;
; SDC constraint protection                                        ; Off                ; Off                ;
; Synthesis Effort                                                 ; Auto               ; Auto               ;
; Shift Register Replacement - Allow Asynchronous Clear Signal     ; On                 ; On                 ;
; Pre-Mapping Resynthesis Optimization                             ; Off                ; Off                ;
; Analysis & Synthesis Message Level                               ; Medium             ; Medium             ;
; Disable Register Merging Across Hierarchies                      ; Auto               ; Auto               ;
; Resource Aware Inference For Block RAM                           ; On                 ; On                 ;
+------------------------------------------------------------------+--------------------+--------------------+


+------------------------------------------+
; Parallel Compilation                     ;
+----------------------------+-------------+
; Processors                 ; Number      ;
+----------------------------+-------------+
; Number detected on machine ; 8           ;
; Maximum allowed            ; 4           ;
;                            ;             ;
; Average used               ; 1.00        ;
; Maximum used               ; 1           ;
;                            ;             ;
; Usage by Processor         ; % Time Used ;
;     Processor 1            ; 100.0%      ;
+----------------------------+-------------+


+-------------------------------------------------------------------------------------------------------------------------------------------------------------------------------+
; Analysis & Synthesis Source Files Read                                                                                                                                        ;
+----------------------------------+-----------------+---------------------------------------------+------------------------------------------------------------------+---------+
; File Name with User-Entered Path ; Used in Netlist ; File Type                                   ; File Name with Absolute Path                                     ; Library ;
+----------------------------------+-----------------+---------------------------------------------+------------------------------------------------------------------+---------+
; sine.v                           ; yes             ; User Verilog HDL File                       ; C:/Data/QuartusPrimeWorkingDirectory/render3D/sine.v             ;         ;
; cosine.v                         ; yes             ; User Verilog HDL File                       ; C:/Data/QuartusPrimeWorkingDirectory/render3D/cosine.v           ;         ;
; main.v                           ; yes             ; User Verilog HDL File                       ; C:/Data/QuartusPrimeWorkingDirectory/render3D/main.v             ;         ;
; sin_table_64x8.hex               ; yes             ; Auto-Found Hexadecimal (Intel-Format) File  ; C:/Data/QuartusPrimeWorkingDirectory/render3D/sin_table_64x8.hex ;         ;
; faces.hex                        ; yes             ; Auto-Found Hexadecimal (Intel-Format) File  ; C:/Data/QuartusPrimeWorkingDirectory/render3D/faces.hex          ;         ;
; vertices.hex                     ; yes             ; Auto-Found Hexadecimal (Intel-Format) File  ; C:/Data/QuartusPrimeWorkingDirectory/render3D/vertices.hex       ;         ;
; cos_table_64x8.hex               ; yes             ; Auto-Found Hexadecimal (Intel-Format) File  ; C:/Data/QuartusPrimeWorkingDirectory/render3D/cos_table_64x8.hex ;         ;
+----------------------------------+-----------------+---------------------------------------------+------------------------------------------------------------------+---------+


+-----------------------------------------------------+
; Analysis & Synthesis Resource Usage Summary         ;
+---------------------------------------------+-------+
; Resource                                    ; Usage ;
+---------------------------------------------+-------+
;                                             ;       ;
; Total combinational functions               ; 0     ;
; Logic element usage by number of LUT inputs ;       ;
;     -- 4 input functions                    ; 0     ;
;     -- 3 input functions                    ; 0     ;
;     -- <=2 input functions                  ; 0     ;
;                                             ;       ;
; Logic elements by mode                      ;       ;
;     -- normal mode                          ; 0     ;
;     -- arithmetic mode                      ; 0     ;
;                                             ;       ;
; Total registers                             ; 0     ;
;     -- Dedicated logic registers            ; 0     ;
;     -- I/O registers                        ; 0     ;
;                                             ;       ;
; I/O pins                                    ; 50    ;
;                                             ;       ;
; Embedded Multiplier 9-bit elements          ; 0     ;
;                                             ;       ;
; Maximum fan-out node                        ; clk   ;
; Maximum fan-out                             ; 1     ;
; Total fan-out                               ; 50    ;
; Average fan-out                             ; 0.50  ;
+---------------------------------------------+-------+


+----------------------------------------------------------------------------------------------------------------------------------------------------------------------------------------------------------+
; Analysis & Synthesis Resource Utilization by Entity                                                                                                                                                      ;
+----------------------------+---------------------+---------------------------+-------------+--------------+---------+-----------+------+--------------+---------------------+-------------+--------------+
; Compilation Hierarchy Node ; Combinational ALUTs ; Dedicated Logic Registers ; Memory Bits ; DSP Elements ; DSP 9x9 ; DSP 18x18 ; Pins ; Virtual Pins ; Full Hierarchy Name ; Entity Name ; Library Name ;
+----------------------------+---------------------+---------------------------+-------------+--------------+---------+-----------+------+--------------+---------------------+-------------+--------------+
; |main                      ; 0 (0)               ; 0 (0)                     ; 0           ; 0            ; 0       ; 0         ; 50   ; 0            ; |main               ; main        ; work         ;
+----------------------------+---------------------+---------------------------+-------------+--------------+---------+-----------+------+--------------+---------------------+-------------+--------------+
Note: For table entries with two numbers listed, the numbers in parentheses indicate the number of resources of the given type used by the specific entity alone. The numbers listed outside of parentheses indicate the total resources of the given type used by the specific entity and all of its sub-entities in the hierarchy.


+------------------------------------------------------+
; General Register Statistics                          ;
+----------------------------------------------+-------+
; Statistic                                    ; Value ;
+----------------------------------------------+-------+
; Total registers                              ; 0     ;
; Number of registers using Synchronous Clear  ; 0     ;
; Number of registers using Synchronous Load   ; 0     ;
; Number of registers using Asynchronous Clear ; 0     ;
; Number of registers using Asynchronous Load  ; 0     ;
; Number of registers using Clock Enable       ; 0     ;
; Number of registers using Preset             ; 0     ;
+----------------------------------------------+-------+


+--------------------------------------------------------------------------------------------------------------------+
; Port Connectivity Checks: "cosine:c3"                                                                              ;
+----------+--------+----------+-------------------------------------------------------------------------------------+
; Port     ; Type   ; Severity ; Details                                                                             ;
+----------+--------+----------+-------------------------------------------------------------------------------------+
; data_val ; Output ; Info     ; Connected to dangling logic. Logic that only feeds a dangling port will be removed. ;
+----------+--------+----------+-------------------------------------------------------------------------------------+


+--------------------------------------------------------------------------------------------------------------------+
; Port Connectivity Checks: "cosine:c2"                                                                              ;
+----------+--------+----------+-------------------------------------------------------------------------------------+
; Port     ; Type   ; Severity ; Details                                                                             ;
+----------+--------+----------+-------------------------------------------------------------------------------------+
; data_val ; Output ; Info     ; Connected to dangling logic. Logic that only feeds a dangling port will be removed. ;
+----------+--------+----------+-------------------------------------------------------------------------------------+


+--------------------------------------------------------------------------------------------------------------------+
; Port Connectivity Checks: "cosine:c1"                                                                              ;
+----------+--------+----------+-------------------------------------------------------------------------------------+
; Port     ; Type   ; Severity ; Details                                                                             ;
+----------+--------+----------+-------------------------------------------------------------------------------------+
; data_val ; Output ; Info     ; Connected to dangling logic. Logic that only feeds a dangling port will be removed. ;
+----------+--------+----------+-------------------------------------------------------------------------------------+


+--------------------------------------------------------------------------------------------------------------------+
; Port Connectivity Checks: "sine:s3"                                                                                ;
+----------+--------+----------+-------------------------------------------------------------------------------------+
; Port     ; Type   ; Severity ; Details                                                                             ;
+----------+--------+----------+-------------------------------------------------------------------------------------+
; data_val ; Output ; Info     ; Connected to dangling logic. Logic that only feeds a dangling port will be removed. ;
+----------+--------+----------+-------------------------------------------------------------------------------------+


+--------------------------------------------------------------------------------------------------------------------+
; Port Connectivity Checks: "sine:s2"                                                                                ;
+----------+--------+----------+-------------------------------------------------------------------------------------+
; Port     ; Type   ; Severity ; Details                                                                             ;
+----------+--------+----------+-------------------------------------------------------------------------------------+
; data_val ; Output ; Info     ; Connected to dangling logic. Logic that only feeds a dangling port will be removed. ;
+----------+--------+----------+-------------------------------------------------------------------------------------+


+--------------------------------------------------------------------------------------------------------------------+
; Port Connectivity Checks: "sine:s1"                                                                                ;
+----------+--------+----------+-------------------------------------------------------------------------------------+
; Port     ; Type   ; Severity ; Details                                                                             ;
+----------+--------+----------+-------------------------------------------------------------------------------------+
; data_val ; Output ; Info     ; Connected to dangling logic. Logic that only feeds a dangling port will be removed. ;
+----------+--------+----------+-------------------------------------------------------------------------------------+


+-----------------------------------------------------+
; Post-Synthesis Netlist Statistics for Top Partition ;
+-----------------------+-----------------------------+
; Type                  ; Count                       ;
+-----------------------+-----------------------------+
; boundary_port         ; 50                          ;
; cycloneiii_lcell_comb ; 1                           ;
;     normal            ; 1                           ;
;         0 data inputs ; 1                           ;
;                       ;                             ;
; Max LUT depth         ; 0.00                        ;
; Average LUT depth     ; 0.00                        ;
+-----------------------+-----------------------------+


+-------------------------------+
; Elapsed Time Per Partition    ;
+----------------+--------------+
; Partition Name ; Elapsed Time ;
+----------------+--------------+
; Top            ; 00:00:00     ;
+----------------+--------------+


+-------------------------------+
; Analysis & Synthesis Messages ;
+-------------------------------+
Info: *******************************************************************
Info: Running Quartus Prime Analysis & Synthesis
    Info: Version 18.1.0 Build 625 09/12/2018 SJ Lite Edition
    Info: Processing started: Thu Jun 16 17:02:13 2022
Info: Command: quartus_map --read_settings_files=on --write_settings_files=off EE705project -c EE705project
Warning (18236): Number of processors has not been specified which may cause overloading on shared machines.  Set the global assignment NUM_PARALLEL_PROCESSORS in your QSF to an appropriate value for best performance.
Info (20030): Parallel compilation is enabled and will use 4 of the 4 processors detected
Info (12021): Found 1 design units, including 1 entities, in source file sine.v
    Info (12023): Found entity 1: sine File: C:/Data/QuartusPrimeWorkingDirectory/render3D/sine.v Line: 1
Info (12021): Found 1 design units, including 1 entities, in source file cosine.v
    Info (12023): Found entity 1: cosine File: C:/Data/QuartusPrimeWorkingDirectory/render3D/cosine.v Line: 1
Info (12021): Found 1 design units, including 1 entities, in source file main.v
    Info (12023): Found entity 1: main File: C:/Data/QuartusPrimeWorkingDirectory/render3D/main.v Line: 4
Info (12021): Found 1 design units, including 1 entities, in source file test_main.v
    Info (12023): Found entity 1: test_main File: C:/Data/QuartusPrimeWorkingDirectory/render3D/test_main.v Line: 4
Info (12127): Elaborating entity "main" for the top level hierarchy
Warning (10036): Verilog HDL or VHDL warning at main.v(200): object "pixel_buffer" assigned a value but never read File: C:/Data/QuartusPrimeWorkingDirectory/render3D/main.v Line: 200
Warning (10230): Verilog HDL assignment warning at faces.hex(1): truncated value with size 8 to match size of target (7) File: C:/Data/QuartusPrimeWorkingDirectory/render3D/faces.hex Line: 1
Warning (10230): Verilog HDL assignment warning at faces.hex(2): truncated value with size 8 to match size of target (7) File: C:/Data/QuartusPrimeWorkingDirectory/render3D/faces.hex Line: 2
Warning (10855): Verilog HDL warning at main.v(44): initial value for variable vertices should be constant File: C:/Data/QuartusPrimeWorkingDirectory/render3D/main.v Line: 44
Warning (10855): Verilog HDL warning at main.v(44): initial value for variable faces should be constant File: C:/Data/QuartusPrimeWorkingDirectory/render3D/main.v Line: 44
Warning (10230): Verilog HDL assignment warning at main.v(85): truncated value with size 48 to match size of target (16) File: C:/Data/QuartusPrimeWorkingDirectory/render3D/main.v Line: 85
Warning (10230): Verilog HDL assignment warning at main.v(100): truncated value with size 32 to match size of target (16) File: C:/Data/QuartusPrimeWorkingDirectory/render3D/main.v Line: 100
Warning (10230): Verilog HDL assignment warning at main.v(160): truncated value with size 32 to match size of target (16) File: C:/Data/QuartusPrimeWorkingDirectory/render3D/main.v Line: 160
Warning (10230): Verilog HDL assignment warning at main.v(161): truncated value with size 32 to match size of target (16) File: C:/Data/QuartusPrimeWorkingDirectory/render3D/main.v Line: 161
Warning (10230): Verilog HDL assignment warning at main.v(162): truncated value with size 32 to match size of target (16) File: C:/Data/QuartusPrimeWorkingDirectory/render3D/main.v Line: 162
Warning (10230): Verilog HDL assignment warning at main.v(289): truncated value with size 32 to match size of target (16) File: C:/Data/QuartusPrimeWorkingDirectory/render3D/main.v Line: 289
Warning (10034): Output port "pixel" at main.v(16) has no driver File: C:/Data/QuartusPrimeWorkingDirectory/render3D/main.v Line: 16
Warning (10034): Output port "hsync_out" at main.v(17) has no driver File: C:/Data/QuartusPrimeWorkingDirectory/render3D/main.v Line: 17
Warning (10034): Output port "vsync_out" at main.v(19) has no driver File: C:/Data/QuartusPrimeWorkingDirectory/render3D/main.v Line: 19
Info (10008): Verilog HDL or VHDL information: EDA Netlist Writer cannot regroup multidimensional array "vertices" into its bus
Info (10008): Verilog HDL or VHDL information: EDA Netlist Writer cannot regroup multidimensional array "faces" into its bus
Info (12128): Elaborating entity "sine" for hierarchy "sine:s1" File: C:/Data/QuartusPrimeWorkingDirectory/render3D/main.v Line: 65
Warning (10230): Verilog HDL assignment warning at sine.v(28): truncated value with size 32 to match size of target (7) File: C:/Data/QuartusPrimeWorkingDirectory/render3D/sine.v Line: 28
Warning (10240): Verilog HDL Always Construct warning at sine.v(35): inferring latch(es) for variable "addr_id", which holds its previous value in one or more paths through the always construct File: C:/Data/QuartusPrimeWorkingDirectory/render3D/sine.v Line: 35
Warning (10240): Verilog HDL Always Construct warning at sine.v(62): inferring latch(es) for variable "val", which holds its previous value in one or more paths through the always construct File: C:/Data/QuartusPrimeWorkingDirectory/render3D/sine.v Line: 62
Warning (10030): Net "inp_sin_block.data_a" at sine.v(7) has no driver or initial value, using a default initial value '0' File: C:/Data/QuartusPrimeWorkingDirectory/render3D/sine.v Line: 7
Warning (10030): Net "inp_sin_block.waddr_a" at sine.v(7) has no driver or initial value, using a default initial value '0' File: C:/Data/QuartusPrimeWorkingDirectory/render3D/sine.v Line: 7
Warning (10030): Net "inp_sin_block.we_a" at sine.v(7) has no driver or initial value, using a default initial value '0' File: C:/Data/QuartusPrimeWorkingDirectory/render3D/sine.v Line: 7
Info (10041): Inferred latch for "val[0]" at sine.v(67) File: C:/Data/QuartusPrimeWorkingDirectory/render3D/sine.v Line: 67
Info (10041): Inferred latch for "val[1]" at sine.v(67) File: C:/Data/QuartusPrimeWorkingDirectory/render3D/sine.v Line: 67
Info (10041): Inferred latch for "val[2]" at sine.v(67) File: C:/Data/QuartusPrimeWorkingDirectory/render3D/sine.v Line: 67
Info (10041): Inferred latch for "val[3]" at sine.v(67) File: C:/Data/QuartusPrimeWorkingDirectory/render3D/sine.v Line: 67
Info (10041): Inferred latch for "val[4]" at sine.v(67) File: C:/Data/QuartusPrimeWorkingDirectory/render3D/sine.v Line: 67
Info (10041): Inferred latch for "val[5]" at sine.v(67) File: C:/Data/QuartusPrimeWorkingDirectory/render3D/sine.v Line: 67
Info (10041): Inferred latch for "val[6]" at sine.v(67) File: C:/Data/QuartusPrimeWorkingDirectory/render3D/sine.v Line: 67
Info (10041): Inferred latch for "val[7]" at sine.v(67) File: C:/Data/QuartusPrimeWorkingDirectory/render3D/sine.v Line: 67
Info (10041): Inferred latch for "val[8]" at sine.v(67) File: C:/Data/QuartusPrimeWorkingDirectory/render3D/sine.v Line: 67
Info (10041): Inferred latch for "val[9]" at sine.v(67) File: C:/Data/QuartusPrimeWorkingDirectory/render3D/sine.v Line: 67
Info (10041): Inferred latch for "val[10]" at sine.v(67) File: C:/Data/QuartusPrimeWorkingDirectory/render3D/sine.v Line: 67
Info (10041): Inferred latch for "val[11]" at sine.v(67) File: C:/Data/QuartusPrimeWorkingDirectory/render3D/sine.v Line: 67
Info (10041): Inferred latch for "val[12]" at sine.v(67) File: C:/Data/QuartusPrimeWorkingDirectory/render3D/sine.v Line: 67
Info (10041): Inferred latch for "val[13]" at sine.v(67) File: C:/Data/QuartusPrimeWorkingDirectory/render3D/sine.v Line: 67
Info (10041): Inferred latch for "val[14]" at sine.v(67) File: C:/Data/QuartusPrimeWorkingDirectory/render3D/sine.v Line: 67
Info (10041): Inferred latch for "val[15]" at sine.v(67) File: C:/Data/QuartusPrimeWorkingDirectory/render3D/sine.v Line: 67
Info (10041): Inferred latch for "addr_id[0]" at sine.v(43) File: C:/Data/QuartusPrimeWorkingDirectory/render3D/sine.v Line: 43
Info (10041): Inferred latch for "addr_id[1]" at sine.v(43) File: C:/Data/QuartusPrimeWorkingDirectory/render3D/sine.v Line: 43
Info (10041): Inferred latch for "addr_id[2]" at sine.v(43) File: C:/Data/QuartusPrimeWorkingDirectory/render3D/sine.v Line: 43
Info (10041): Inferred latch for "addr_id[3]" at sine.v(43) File: C:/Data/QuartusPrimeWorkingDirectory/render3D/sine.v Line: 43
Info (10041): Inferred latch for "addr_id[4]" at sine.v(43) File: C:/Data/QuartusPrimeWorkingDirectory/render3D/sine.v Line: 43
Info (10041): Inferred latch for "addr_id[5]" at sine.v(43) File: C:/Data/QuartusPrimeWorkingDirectory/render3D/sine.v Line: 43
Info (10041): Inferred latch for "addr_id[6]" at sine.v(43) File: C:/Data/QuartusPrimeWorkingDirectory/render3D/sine.v Line: 43
Info (10041): Inferred latch for "addr_id[7]" at sine.v(43) File: C:/Data/QuartusPrimeWorkingDirectory/render3D/sine.v Line: 43
Info (10041): Inferred latch for "addr_id[8]" at sine.v(43) File: C:/Data/QuartusPrimeWorkingDirectory/render3D/sine.v Line: 43
Info (10041): Inferred latch for "addr_id[9]" at sine.v(43) File: C:/Data/QuartusPrimeWorkingDirectory/render3D/sine.v Line: 43
Info (10041): Inferred latch for "addr_id[10]" at sine.v(43) File: C:/Data/QuartusPrimeWorkingDirectory/render3D/sine.v Line: 43
Info (10041): Inferred latch for "addr_id[11]" at sine.v(43) File: C:/Data/QuartusPrimeWorkingDirectory/render3D/sine.v Line: 43
Info (10041): Inferred latch for "addr_id[12]" at sine.v(43) File: C:/Data/QuartusPrimeWorkingDirectory/render3D/sine.v Line: 43
Info (10041): Inferred latch for "addr_id[13]" at sine.v(43) File: C:/Data/QuartusPrimeWorkingDirectory/render3D/sine.v Line: 43
Info (10041): Inferred latch for "addr_id[14]" at sine.v(43) File: C:/Data/QuartusPrimeWorkingDirectory/render3D/sine.v Line: 43
Info (10041): Inferred latch for "addr_id[15]" at sine.v(43) File: C:/Data/QuartusPrimeWorkingDirectory/render3D/sine.v Line: 43
Info (10041): Inferred latch for "addr_id[16]" at sine.v(43) File: C:/Data/QuartusPrimeWorkingDirectory/render3D/sine.v Line: 43
Info (10041): Inferred latch for "addr_id[17]" at sine.v(43) File: C:/Data/QuartusPrimeWorkingDirectory/render3D/sine.v Line: 43
Info (10041): Inferred latch for "addr_id[18]" at sine.v(43) File: C:/Data/QuartusPrimeWorkingDirectory/render3D/sine.v Line: 43
Info (10041): Inferred latch for "addr_id[19]" at sine.v(43) File: C:/Data/QuartusPrimeWorkingDirectory/render3D/sine.v Line: 43
Info (10041): Inferred latch for "addr_id[20]" at sine.v(43) File: C:/Data/QuartusPrimeWorkingDirectory/render3D/sine.v Line: 43
Info (10041): Inferred latch for "addr_id[21]" at sine.v(43) File: C:/Data/QuartusPrimeWorkingDirectory/render3D/sine.v Line: 43
Info (10041): Inferred latch for "addr_id[22]" at sine.v(43) File: C:/Data/QuartusPrimeWorkingDirectory/render3D/sine.v Line: 43
Info (10041): Inferred latch for "addr_id[23]" at sine.v(43) File: C:/Data/QuartusPrimeWorkingDirectory/render3D/sine.v Line: 43
Info (10041): Inferred latch for "addr_id[24]" at sine.v(43) File: C:/Data/QuartusPrimeWorkingDirectory/render3D/sine.v Line: 43
Info (10041): Inferred latch for "addr_id[25]" at sine.v(43) File: C:/Data/QuartusPrimeWorkingDirectory/render3D/sine.v Line: 43
Info (10041): Inferred latch for "addr_id[26]" at sine.v(43) File: C:/Data/QuartusPrimeWorkingDirectory/render3D/sine.v Line: 43
Info (10041): Inferred latch for "addr_id[27]" at sine.v(43) File: C:/Data/QuartusPrimeWorkingDirectory/render3D/sine.v Line: 43
Info (10041): Inferred latch for "addr_id[28]" at sine.v(43) File: C:/Data/QuartusPrimeWorkingDirectory/render3D/sine.v Line: 43
Info (10041): Inferred latch for "addr_id[29]" at sine.v(43) File: C:/Data/QuartusPrimeWorkingDirectory/render3D/sine.v Line: 43
Info (10041): Inferred latch for "addr_id[30]" at sine.v(43) File: C:/Data/QuartusPrimeWorkingDirectory/render3D/sine.v Line: 43
Info (10041): Inferred latch for "addr_id[31]" at sine.v(43) File: C:/Data/QuartusPrimeWorkingDirectory/render3D/sine.v Line: 43
Info (12128): Elaborating entity "cosine" for hierarchy "cosine:c1" File: C:/Data/QuartusPrimeWorkingDirectory/render3D/main.v Line: 75
Warning (10230): Verilog HDL assignment warning at cosine.v(26): truncated value with size 32 to match size of target (7) File: C:/Data/QuartusPrimeWorkingDirectory/render3D/cosine.v Line: 26
Warning (10240): Verilog HDL Always Construct warning at cosine.v(34): inferring latch(es) for variable "addr_id", which holds its previous value in one or more paths through the always construct File: C:/Data/QuartusPrimeWorkingDirectory/render3D/cosine.v Line: 34
Warning (10230): Verilog HDL assignment warning at cosine.v(65): truncated value with size 32 to match size of target (16) File: C:/Data/QuartusPrimeWorkingDirectory/render3D/cosine.v Line: 65
Warning (10240): Verilog HDL Always Construct warning at cosine.v(59): inferring latch(es) for variable "val", which holds its previous value in one or more paths through the always construct File: C:/Data/QuartusPrimeWorkingDirectory/render3D/cosine.v Line: 59
Warning (10030): Net "inp_sin_block.data_a" at cosine.v(7) has no driver or initial value, using a default initial value '0' File: C:/Data/QuartusPrimeWorkingDirectory/render3D/cosine.v Line: 7
Warning (10030): Net "inp_sin_block.waddr_a" at cosine.v(7) has no driver or initial value, using a default initial value '0' File: C:/Data/QuartusPrimeWorkingDirectory/render3D/cosine.v Line: 7
Warning (10030): Net "inp_sin_block.we_a" at cosine.v(7) has no driver or initial value, using a default initial value '0' File: C:/Data/QuartusPrimeWorkingDirectory/render3D/cosine.v Line: 7
Info (10041): Inferred latch for "val[0]" at cosine.v(64) File: C:/Data/QuartusPrimeWorkingDirectory/render3D/cosine.v Line: 64
Info (10041): Inferred latch for "val[1]" at cosine.v(64) File: C:/Data/QuartusPrimeWorkingDirectory/render3D/cosine.v Line: 64
Info (10041): Inferred latch for "val[2]" at cosine.v(64) File: C:/Data/QuartusPrimeWorkingDirectory/render3D/cosine.v Line: 64
Info (10041): Inferred latch for "val[3]" at cosine.v(64) File: C:/Data/QuartusPrimeWorkingDirectory/render3D/cosine.v Line: 64
Info (10041): Inferred latch for "val[4]" at cosine.v(64) File: C:/Data/QuartusPrimeWorkingDirectory/render3D/cosine.v Line: 64
Info (10041): Inferred latch for "val[5]" at cosine.v(64) File: C:/Data/QuartusPrimeWorkingDirectory/render3D/cosine.v Line: 64
Info (10041): Inferred latch for "val[6]" at cosine.v(64) File: C:/Data/QuartusPrimeWorkingDirectory/render3D/cosine.v Line: 64
Info (10041): Inferred latch for "val[7]" at cosine.v(64) File: C:/Data/QuartusPrimeWorkingDirectory/render3D/cosine.v Line: 64
Info (10041): Inferred latch for "val[8]" at cosine.v(64) File: C:/Data/QuartusPrimeWorkingDirectory/render3D/cosine.v Line: 64
Info (10041): Inferred latch for "val[9]" at cosine.v(64) File: C:/Data/QuartusPrimeWorkingDirectory/render3D/cosine.v Line: 64
Info (10041): Inferred latch for "val[10]" at cosine.v(64) File: C:/Data/QuartusPrimeWorkingDirectory/render3D/cosine.v Line: 64
Info (10041): Inferred latch for "val[11]" at cosine.v(64) File: C:/Data/QuartusPrimeWorkingDirectory/render3D/cosine.v Line: 64
Info (10041): Inferred latch for "val[12]" at cosine.v(64) File: C:/Data/QuartusPrimeWorkingDirectory/render3D/cosine.v Line: 64
Info (10041): Inferred latch for "val[13]" at cosine.v(64) File: C:/Data/QuartusPrimeWorkingDirectory/render3D/cosine.v Line: 64
Info (10041): Inferred latch for "val[14]" at cosine.v(64) File: C:/Data/QuartusPrimeWorkingDirectory/render3D/cosine.v Line: 64
Info (10041): Inferred latch for "val[15]" at cosine.v(64) File: C:/Data/QuartusPrimeWorkingDirectory/render3D/cosine.v Line: 64
Info (10041): Inferred latch for "addr_id[0]" at cosine.v(41) File: C:/Data/QuartusPrimeWorkingDirectory/render3D/cosine.v Line: 41
Info (10041): Inferred latch for "addr_id[1]" at cosine.v(41) File: C:/Data/QuartusPrimeWorkingDirectory/render3D/cosine.v Line: 41
Info (10041): Inferred latch for "addr_id[2]" at cosine.v(41) File: C:/Data/QuartusPrimeWorkingDirectory/render3D/cosine.v Line: 41
Info (10041): Inferred latch for "addr_id[3]" at cosine.v(41) File: C:/Data/QuartusPrimeWorkingDirectory/render3D/cosine.v Line: 41
Info (10041): Inferred latch for "addr_id[4]" at cosine.v(41) File: C:/Data/QuartusPrimeWorkingDirectory/render3D/cosine.v Line: 41
Info (10041): Inferred latch for "addr_id[5]" at cosine.v(41) File: C:/Data/QuartusPrimeWorkingDirectory/render3D/cosine.v Line: 41
Info (10041): Inferred latch for "addr_id[6]" at cosine.v(41) File: C:/Data/QuartusPrimeWorkingDirectory/render3D/cosine.v Line: 41
Info (10041): Inferred latch for "addr_id[7]" at cosine.v(41) File: C:/Data/QuartusPrimeWorkingDirectory/render3D/cosine.v Line: 41
Info (10041): Inferred latch for "addr_id[8]" at cosine.v(41) File: C:/Data/QuartusPrimeWorkingDirectory/render3D/cosine.v Line: 41
Info (10041): Inferred latch for "addr_id[9]" at cosine.v(41) File: C:/Data/QuartusPrimeWorkingDirectory/render3D/cosine.v Line: 41
Info (10041): Inferred latch for "addr_id[10]" at cosine.v(41) File: C:/Data/QuartusPrimeWorkingDirectory/render3D/cosine.v Line: 41
Info (10041): Inferred latch for "addr_id[11]" at cosine.v(41) File: C:/Data/QuartusPrimeWorkingDirectory/render3D/cosine.v Line: 41
Info (10041): Inferred latch for "addr_id[12]" at cosine.v(41) File: C:/Data/QuartusPrimeWorkingDirectory/render3D/cosine.v Line: 41
Info (10041): Inferred latch for "addr_id[13]" at cosine.v(41) File: C:/Data/QuartusPrimeWorkingDirectory/render3D/cosine.v Line: 41
Info (10041): Inferred latch for "addr_id[14]" at cosine.v(41) File: C:/Data/QuartusPrimeWorkingDirectory/render3D/cosine.v Line: 41
Info (10041): Inferred latch for "addr_id[15]" at cosine.v(41) File: C:/Data/QuartusPrimeWorkingDirectory/render3D/cosine.v Line: 41
Info (10041): Inferred latch for "addr_id[16]" at cosine.v(41) File: C:/Data/QuartusPrimeWorkingDirectory/render3D/cosine.v Line: 41
Info (10041): Inferred latch for "addr_id[17]" at cosine.v(41) File: C:/Data/QuartusPrimeWorkingDirectory/render3D/cosine.v Line: 41
Info (10041): Inferred latch for "addr_id[18]" at cosine.v(41) File: C:/Data/QuartusPrimeWorkingDirectory/render3D/cosine.v Line: 41
Info (10041): Inferred latch for "addr_id[19]" at cosine.v(41) File: C:/Data/QuartusPrimeWorkingDirectory/render3D/cosine.v Line: 41
Info (10041): Inferred latch for "addr_id[20]" at cosine.v(41) File: C:/Data/QuartusPrimeWorkingDirectory/render3D/cosine.v Line: 41
Info (10041): Inferred latch for "addr_id[21]" at cosine.v(41) File: C:/Data/QuartusPrimeWorkingDirectory/render3D/cosine.v Line: 41
Info (10041): Inferred latch for "addr_id[22]" at cosine.v(41) File: C:/Data/QuartusPrimeWorkingDirectory/render3D/cosine.v Line: 41
Info (10041): Inferred latch for "addr_id[23]" at cosine.v(41) File: C:/Data/QuartusPrimeWorkingDirectory/render3D/cosine.v Line: 41
Info (10041): Inferred latch for "addr_id[24]" at cosine.v(41) File: C:/Data/QuartusPrimeWorkingDirectory/render3D/cosine.v Line: 41
Info (10041): Inferred latch for "addr_id[25]" at cosine.v(41) File: C:/Data/QuartusPrimeWorkingDirectory/render3D/cosine.v Line: 41
Info (10041): Inferred latch for "addr_id[26]" at cosine.v(41) File: C:/Data/QuartusPrimeWorkingDirectory/render3D/cosine.v Line: 41
Info (10041): Inferred latch for "addr_id[27]" at cosine.v(41) File: C:/Data/QuartusPrimeWorkingDirectory/render3D/cosine.v Line: 41
Info (10041): Inferred latch for "addr_id[28]" at cosine.v(41) File: C:/Data/QuartusPrimeWorkingDirectory/render3D/cosine.v Line: 41
Info (10041): Inferred latch for "addr_id[29]" at cosine.v(41) File: C:/Data/QuartusPrimeWorkingDirectory/render3D/cosine.v Line: 41
Info (10041): Inferred latch for "addr_id[30]" at cosine.v(41) File: C:/Data/QuartusPrimeWorkingDirectory/render3D/cosine.v Line: 41
Info (10041): Inferred latch for "addr_id[31]" at cosine.v(41) File: C:/Data/QuartusPrimeWorkingDirectory/render3D/cosine.v Line: 41
Warning (13024): Output pins are stuck at VCC or GND
    Warning (13410): Pin "pixel[0]" is stuck at GND File: C:/Data/QuartusPrimeWorkingDirectory/render3D/main.v Line: 16
    Warning (13410): Pin "pixel[1]" is stuck at GND File: C:/Data/QuartusPrimeWorkingDirectory/render3D/main.v Line: 16
    Warning (13410): Pin "pixel[2]" is stuck at GND File: C:/Data/QuartusPrimeWorkingDirectory/render3D/main.v Line: 16
    Warning (13410): Pin "hsync_out" is stuck at GND File: C:/Data/QuartusPrimeWorkingDirectory/render3D/main.v Line: 17
    Warning (13410): Pin "vsync_out" is stuck at GND File: C:/Data/QuartusPrimeWorkingDirectory/render3D/main.v Line: 19
Info (16010): Generating hard_block partition "hard_block:auto_generated_inst"
    Info (16011): Adding 0 node(s), including 0 DDIO, 0 PLL, 0 transceiver and 0 LCELL
Warning (21074): Design contains 45 input pin(s) that do not drive logic
    Warning (15610): No output dependent on input pin "clk" File: C:/Data/QuartusPrimeWorkingDirectory/render3D/main.v Line: 7
    Warning (15610): No output dependent on input pin "reset" File: C:/Data/QuartusPrimeWorkingDirectory/render3D/main.v Line: 7
    Warning (15610): No output dependent on input pin "clr_screen" File: C:/Data/QuartusPrimeWorkingDirectory/render3D/main.v Line: 7
    Warning (15610): No output dependent on input pin "dx_coordinate[0]" File: C:/Data/QuartusPrimeWorkingDirectory/render3D/main.v Line: 8
    Warning (15610): No output dependent on input pin "dx_coordinate[1]" File: C:/Data/QuartusPrimeWorkingDirectory/render3D/main.v Line: 8
    Warning (15610): No output dependent on input pin "dx_coordinate[2]" File: C:/Data/QuartusPrimeWorkingDirectory/render3D/main.v Line: 8
    Warning (15610): No output dependent on input pin "dx_coordinate[3]" File: C:/Data/QuartusPrimeWorkingDirectory/render3D/main.v Line: 8
    Warning (15610): No output dependent on input pin "dx_coordinate[4]" File: C:/Data/QuartusPrimeWorkingDirectory/render3D/main.v Line: 8
    Warning (15610): No output dependent on input pin "dx_coordinate[5]" File: C:/Data/QuartusPrimeWorkingDirectory/render3D/main.v Line: 8
    Warning (15610): No output dependent on input pin "dx_coordinate[6]" File: C:/Data/QuartusPrimeWorkingDirectory/render3D/main.v Line: 8
    Warning (15610): No output dependent on input pin "dy_coordinate[0]" File: C:/Data/QuartusPrimeWorkingDirectory/render3D/main.v Line: 9
    Warning (15610): No output dependent on input pin "dy_coordinate[1]" File: C:/Data/QuartusPrimeWorkingDirectory/render3D/main.v Line: 9
    Warning (15610): No output dependent on input pin "dy_coordinate[2]" File: C:/Data/QuartusPrimeWorkingDirectory/render3D/main.v Line: 9
    Warning (15610): No output dependent on input pin "dy_coordinate[3]" File: C:/Data/QuartusPrimeWorkingDirectory/render3D/main.v Line: 9
    Warning (15610): No output dependent on input pin "dy_coordinate[4]" File: C:/Data/QuartusPrimeWorkingDirectory/render3D/main.v Line: 9
    Warning (15610): No output dependent on input pin "dy_coordinate[5]" File: C:/Data/QuartusPrimeWorkingDirectory/render3D/main.v Line: 9
    Warning (15610): No output dependent on input pin "dy_coordinate[6]" File: C:/Data/QuartusPrimeWorkingDirectory/render3D/main.v Line: 9
    Warning (15610): No output dependent on input pin "dz_coordinate[0]" File: C:/Data/QuartusPrimeWorkingDirectory/render3D/main.v Line: 10
    Warning (15610): No output dependent on input pin "dz_coordinate[1]" File: C:/Data/QuartusPrimeWorkingDirectory/render3D/main.v Line: 10
    Warning (15610): No output dependent on input pin "dz_coordinate[2]" File: C:/Data/QuartusPrimeWorkingDirectory/render3D/main.v Line: 10
    Warning (15610): No output dependent on input pin "dz_coordinate[3]" File: C:/Data/QuartusPrimeWorkingDirectory/render3D/main.v Line: 10
    Warning (15610): No output dependent on input pin "dz_coordinate[4]" File: C:/Data/QuartusPrimeWorkingDirectory/render3D/main.v Line: 10
    Warning (15610): No output dependent on input pin "dz_coordinate[5]" File: C:/Data/QuartusPrimeWorkingDirectory/render3D/main.v Line: 10
    Warning (15610): No output dependent on input pin "dz_coordinate[6]" File: C:/Data/QuartusPrimeWorkingDirectory/render3D/main.v Line: 10
    Warning (15610): No output dependent on input pin "alpha[0]" File: C:/Data/QuartusPrimeWorkingDirectory/render3D/main.v Line: 12
    Warning (15610): No output dependent on input pin "alpha[1]" File: C:/Data/QuartusPrimeWorkingDirectory/render3D/main.v Line: 12
    Warning (15610): No output dependent on input pin "alpha[2]" File: C:/Data/QuartusPrimeWorkingDirectory/render3D/main.v Line: 12
    Warning (15610): No output dependent on input pin "alpha[3]" File: C:/Data/QuartusPrimeWorkingDirectory/render3D/main.v Line: 12
    Warning (15610): No output dependent on input pin "alpha[4]" File: C:/Data/QuartusPrimeWorkingDirectory/render3D/main.v Line: 12
    Warning (15610): No output dependent on input pin "alpha[5]" File: C:/Data/QuartusPrimeWorkingDirectory/render3D/main.v Line: 12
    Warning (15610): No output dependent on input pin "alpha[6]" File: C:/Data/QuartusPrimeWorkingDirectory/render3D/main.v Line: 12
    Warning (15610): No output dependent on input pin "beta[0]" File: C:/Data/QuartusPrimeWorkingDirectory/render3D/main.v Line: 13
    Warning (15610): No output dependent on input pin "beta[1]" File: C:/Data/QuartusPrimeWorkingDirectory/render3D/main.v Line: 13
    Warning (15610): No output dependent on input pin "beta[2]" File: C:/Data/QuartusPrimeWorkingDirectory/render3D/main.v Line: 13
    Warning (15610): No output dependent on input pin "beta[3]" File: C:/Data/QuartusPrimeWorkingDirectory/render3D/main.v Line: 13
    Warning (15610): No output dependent on input pin "beta[4]" File: C:/Data/QuartusPrimeWorkingDirectory/render3D/main.v Line: 13
    Warning (15610): No output dependent on input pin "beta[5]" File: C:/Data/QuartusPrimeWorkingDirectory/render3D/main.v Line: 13
    Warning (15610): No output dependent on input pin "beta[6]" File: C:/Data/QuartusPrimeWorkingDirectory/render3D/main.v Line: 13
    Warning (15610): No output dependent on input pin "gamma[0]" File: C:/Data/QuartusPrimeWorkingDirectory/render3D/main.v Line: 14
    Warning (15610): No output dependent on input pin "gamma[1]" File: C:/Data/QuartusPrimeWorkingDirectory/render3D/main.v Line: 14
    Warning (15610): No output dependent on input pin "gamma[2]" File: C:/Data/QuartusPrimeWorkingDirectory/render3D/main.v Line: 14
    Warning (15610): No output dependent on input pin "gamma[3]" File: C:/Data/QuartusPrimeWorkingDirectory/render3D/main.v Line: 14
    Warning (15610): No output dependent on input pin "gamma[4]" File: C:/Data/QuartusPrimeWorkingDirectory/render3D/main.v Line: 14
    Warning (15610): No output dependent on input pin "gamma[5]" File: C:/Data/QuartusPrimeWorkingDirectory/render3D/main.v Line: 14
    Warning (15610): No output dependent on input pin "gamma[6]" File: C:/Data/QuartusPrimeWorkingDirectory/render3D/main.v Line: 14
Info (21057): Implemented 50 device resources after synthesis - the final resource count might be different
    Info (21058): Implemented 45 input pins
    Info (21059): Implemented 5 output pins
Info: Quartus Prime Analysis & Synthesis was successful. 0 errors, 80 warnings
    Info: Peak virtual memory: 4773 megabytes
    Info: Processing ended: Thu Jun 16 17:02:24 2022
    Info: Elapsed time: 00:00:11
    Info: Total CPU time (on all processors): 00:00:21


