#! /c/Source/iverilog-install/bin/vvp
:ivl_version "12.0 (devel)" "(s20150603-1110-g18392a46)";
:ivl_delay_selection "TYPICAL";
:vpi_time_precision + 0;
:vpi_module "C:\iverilog\lib\ivl\system.vpi";
:vpi_module "C:\iverilog\lib\ivl\vhdl_sys.vpi";
:vpi_module "C:\iverilog\lib\ivl\vhdl_textio.vpi";
:vpi_module "C:\iverilog\lib\ivl\v2005_math.vpi";
:vpi_module "C:\iverilog\lib\ivl\va_math.vpi";
S_000002a1998e9670 .scope module, "mul_2" "mul_2" 2 2;
 .timescale 0 0;
    .port_info 0 /INPUT 16 "inp_1";
    .port_info 1 /INPUT 16 "inp_2";
    .port_info 2 /OUTPUT 16 "outp";
v000002a199794ac0_0 .net *"_ivl_0", 31 0, L_000002a1997951a0;  1 drivers
L_000002a1997eb8e8 .functor BUFT 1, C4<00000000000000000000000001100100>, C4<0>, C4<0>, C4<0>;
v000002a199794840_0 .net/2s *"_ivl_10", 31 0, L_000002a1997eb8e8;  1 drivers
v000002a199795100_0 .net/s *"_ivl_12", 31 0, L_000002a199795380;  1 drivers
v000002a1997954c0_0 .net/s *"_ivl_20", 31 0, L_000002a1998440e0;  1 drivers
v000002a1997948e0_0 .net/s *"_ivl_22", 31 0, L_000002a199844360;  1 drivers
L_000002a1997eb9c0 .functor BUFT 1, C4<00000000000000000000000001100100>, C4<0>, C4<0>, C4<0>;
v000002a199795560_0 .net/2s *"_ivl_26", 31 0, L_000002a1997eb9c0;  1 drivers
v000002a199794980_0 .net/s *"_ivl_28", 31 0, L_000002a199844860;  1 drivers
L_000002a1997eb858 .functor BUFT 1, C4<0000000000000000>, C4<0>, C4<0>, C4<0>;
v000002a199794a20_0 .net *"_ivl_3", 15 0, L_000002a1997eb858;  1 drivers
v000002a199794d40_0 .net *"_ivl_4", 31 0, L_000002a199795240;  1 drivers
L_000002a1997eb8a0 .functor BUFT 1, C4<0000000000000000>, C4<0>, C4<0>, C4<0>;
v000002a199794b60_0 .net *"_ivl_7", 15 0, L_000002a1997eb8a0;  1 drivers
L_000002a1997eb930 .functor BUFT 1, C4<1101101110100110>, C4<0>, C4<0>, C4<0>;
v000002a199794c00_0 .net/s "a1", 15 0, L_000002a1997eb930;  1 drivers
L_000002a1997eb978 .functor BUFT 1, C4<0000000001100011>, C4<0>, C4<0>, C4<0>;
v000002a199795600_0 .net/s "a2", 15 0, L_000002a1997eb978;  1 drivers
o000002a1997a7218 .functor BUFZ 16, C4<zzzzzzzzzzzzzzzz>; HiZ drive
v000002a1997956a0_0 .net "inp_1", 15 0, o000002a1997a7218;  0 drivers
o000002a1997a7248 .functor BUFZ 16, C4<zzzzzzzzzzzzzzzz>; HiZ drive
v000002a199795740_0 .net "inp_2", 15 0, o000002a1997a7248;  0 drivers
v000002a199794de0_0 .net/s "op", 31 0, L_000002a199845620;  1 drivers
v000002a199794e80_0 .net/s "opf", 15 0, L_000002a199844540;  1 drivers
v000002a199794fc0_0 .net "outp", 15 0, L_000002a199795420;  1 drivers
v000002a199795060_0 .net/s "product", 31 0, L_000002a1997952e0;  1 drivers
E_000002a1998ebfb0 .event anyedge, v000002a199794c00_0, v000002a199795600_0, v000002a199794de0_0, v000002a199794e80_0;
L_000002a1997951a0 .concat [ 16 16 0 0], o000002a1997a7218, L_000002a1997eb858;
L_000002a199795240 .concat [ 16 16 0 0], o000002a1997a7248, L_000002a1997eb8a0;
L_000002a1997952e0 .arith/mult 32, L_000002a1997951a0, L_000002a199795240;
L_000002a199795380 .arith/div.s 32, L_000002a1997952e0, L_000002a1997eb8e8;
L_000002a199795420 .part L_000002a199795380, 0, 16;
L_000002a1998440e0 .extend/s 32, L_000002a1997eb930;
L_000002a199844360 .extend/s 32, L_000002a1997eb978;
L_000002a199845620 .arith/mult 32, L_000002a1998440e0, L_000002a199844360;
L_000002a199844860 .arith/div.s 32, L_000002a199845620, L_000002a1997eb9c0;
L_000002a199844540 .part L_000002a199844860, 0, 16;
    .scope S_000002a1998e9670;
T_0 ;
    %wait E_000002a1998ebfb0;
    %vpi_call 2 19 "$display", "%d, %d, %d, %d", v000002a199794c00_0, v000002a199795600_0, v000002a199794de0_0, v000002a199794e80_0 {0 0 0};
    %jmp T_0;
    .thread T_0, $push;
# The file index is used to find the file name in the following table.
:file_names 3;
    "N/A";
    "<interactive>";
    "C:\Data\QuartusPrimeWorkingDirectory\render3D\mul_2.v";
