#! /usr/bin/vvp
:ivl_version "10.1 (stable)";
:ivl_delay_selection "TYPICAL";
:vpi_time_precision + 0;
:vpi_module "system";
:vpi_module "vhdl_sys";
:vpi_module "v2005_math";
:vpi_module "va_math";
S_0x1d35d70 .scope module, "rasterize_points" "rasterize_points" 2 1;
 .timescale 0 0;
    .port_info 0 /INPUT 1 "clk"
    .port_info 1 /INPUT 1 "en"
    .port_info 2 /INPUT 16 "vert1_xi"
    .port_info 3 /INPUT 16 "vert1_yi"
    .port_info 4 /INPUT 16 "vert2_xi"
    .port_info 5 /INPUT 16 "vert2_yi"
    .port_info 6 /INPUT 16 "vert3_xi"
    .port_info 7 /INPUT 16 "vert3_yi"
o0x7f6ea830d018 .functor BUFZ 1, C4<z>; HiZ drive
v0x1d36070_0 .net "clk", 0 0, o0x7f6ea830d018;  0 drivers
v0x1d9bf70_0 .var/i "curx1", 31 0;
v0x1d9c050_0 .var/i "curx2", 31 0;
o0x7f6ea830d0a8 .functor BUFZ 1, C4<z>; HiZ drive
v0x1d9c140_0 .net "en", 0 0, o0x7f6ea830d0a8;  0 drivers
v0x1d9c200_0 .var "enable", 0 0;
v0x1d9c310_0 .var/i "invslope1", 31 0;
v0x1d9c3f0_0 .var/i "invslope2", 31 0;
v0x1d9c4d0_0 .var/i "scanlineY", 31 0;
v0x1d9c5b0_0 .var "temp", 15 0;
v0x1d9c720_0 .var "vert1_x", 15 0;
o0x7f6ea830d1f8 .functor BUFZ 16, C4<zzzzzzzzzzzzzzzz>; HiZ drive
v0x1d9c800_0 .net "vert1_xi", 15 0, o0x7f6ea830d1f8;  0 drivers
v0x1d9c8e0_0 .var "vert1_y", 15 0;
o0x7f6ea830d258 .functor BUFZ 16, C4<zzzzzzzzzzzzzzzz>; HiZ drive
v0x1d9c9c0_0 .net "vert1_yi", 15 0, o0x7f6ea830d258;  0 drivers
v0x1d9caa0_0 .var "vert2_x", 15 0;
o0x7f6ea830d2b8 .functor BUFZ 16, C4<zzzzzzzzzzzzzzzz>; HiZ drive
v0x1d9cb80_0 .net "vert2_xi", 15 0, o0x7f6ea830d2b8;  0 drivers
v0x1d9cc60_0 .var "vert2_y", 15 0;
o0x7f6ea830d318 .functor BUFZ 16, C4<zzzzzzzzzzzzzzzz>; HiZ drive
v0x1d9cd40_0 .net "vert2_yi", 15 0, o0x7f6ea830d318;  0 drivers
v0x1d9cef0_0 .var "vert3_x", 15 0;
o0x7f6ea830d378 .functor BUFZ 16, C4<zzzzzzzzzzzzzzzz>; HiZ drive
v0x1d9cf90_0 .net "vert3_xi", 15 0, o0x7f6ea830d378;  0 drivers
v0x1d9d070_0 .var "vert3_y", 15 0;
o0x7f6ea830d3d8 .functor BUFZ 16, C4<zzzzzzzzzzzzzzzz>; HiZ drive
v0x1d9d150_0 .net "vert3_yi", 15 0, o0x7f6ea830d3d8;  0 drivers
v0x1d9d230_0 .var/i "ydir", 31 0;
E_0x1d6dc00/0 .event edge, v0x1d9c800_0, v0x1d9cb80_0, v0x1d9cf90_0, v0x1d9c9c0_0;
E_0x1d6dc00/1 .event edge, v0x1d9cd40_0, v0x1d9d150_0, v0x1d9c140_0, v0x1d9cc60_0;
E_0x1d6dc00/2 .event edge, v0x1d9c8e0_0, v0x1d9d230_0, v0x1d9caa0_0, v0x1d9cef0_0;
E_0x1d6dc00/3 .event edge, v0x1d9c5b0_0, v0x1d9c720_0, v0x1d9d070_0, v0x1d9c310_0;
E_0x1d6dc00/4 .event edge, v0x1d9c3f0_0, v0x1d9bf70_0, v0x1d9c050_0, v0x1d9c4d0_0;
E_0x1d6dc00 .event/or E_0x1d6dc00/0, E_0x1d6dc00/1, E_0x1d6dc00/2, E_0x1d6dc00/3, E_0x1d6dc00/4;
    .scope S_0x1d35d70;
T_0 ;
    %wait E_0x1d6dc00;
    %vpi_call 2 19 "$display", "i am tired" {0 0 0};
    %load/vec4 v0x1d9c800_0;
    %store/vec4 v0x1d9c720_0, 0, 16;
    %load/vec4 v0x1d9cb80_0;
    %store/vec4 v0x1d9caa0_0, 0, 16;
    %load/vec4 v0x1d9cf90_0;
    %store/vec4 v0x1d9cef0_0, 0, 16;
    %load/vec4 v0x1d9c9c0_0;
    %store/vec4 v0x1d9c8e0_0, 0, 16;
    %load/vec4 v0x1d9cd40_0;
    %store/vec4 v0x1d9cc60_0, 0, 16;
    %load/vec4 v0x1d9d150_0;
    %store/vec4 v0x1d9d070_0, 0, 16;
    %load/vec4 v0x1d9c140_0;
    %store/vec4 v0x1d9c200_0, 0, 1;
    %pushi/vec4 1, 0, 1;
    %store/vec4 v0x1d9c200_0, 0, 1;
    %pushi/vec4 500, 0, 16;
    %store/vec4 v0x1d9c720_0, 0, 16;
    %pushi/vec4 100, 0, 16;
    %store/vec4 v0x1d9c8e0_0, 0, 16;
    %pushi/vec4 1400, 0, 16;
    %store/vec4 v0x1d9caa0_0, 0, 16;
    %pushi/vec4 800, 0, 16;
    %store/vec4 v0x1d9cc60_0, 0, 16;
    %pushi/vec4 800, 0, 16;
    %store/vec4 v0x1d9cef0_0, 0, 16;
    %pushi/vec4 800, 0, 16;
    %store/vec4 v0x1d9d070_0, 0, 16;
    %pushi/vec4 0, 0, 32;
    %load/vec4 v0x1d9cc60_0;
    %pad/u 32;
    %load/vec4 v0x1d9c8e0_0;
    %pad/u 32;
    %sub;
    %cmp/u;
    %flag_or 5, 4;
    %flag_mov 8, 5;
    %jmp/0 T_0.0, 8;
    %pushi/vec4 1, 0, 32;
    %jmp/1 T_0.1, 8;
T_0.0 ; End of true expr.
    %pushi/vec4 4294967295, 0, 32;
    %jmp/0 T_0.1, 8;
 ; End of false expr.
    %blend;
T_0.1;
    %store/vec4 v0x1d9d230_0, 0, 32;
    %vpi_call 2 41 "$display", "ydir: ", v0x1d9d230_0 {0 0 0};
    %load/vec4 v0x1d9cef0_0;
    %load/vec4 v0x1d9caa0_0;
    %cmp/u;
    %jmp/0xz  T_0.2, 5;
    %load/vec4 v0x1d9caa0_0;
    %store/vec4 v0x1d9c5b0_0, 0, 16;
    %load/vec4 v0x1d9cef0_0;
    %store/vec4 v0x1d9caa0_0, 0, 16;
    %load/vec4 v0x1d9c5b0_0;
    %store/vec4 v0x1d9cef0_0, 0, 16;
T_0.2 ;
    %vpi_call 2 49 "$display", "vert1: (%d, %d), vert2: (%d, %d), vert3: (%d, %d)", v0x1d9c720_0, v0x1d9c8e0_0, v0x1d9caa0_0, v0x1d9cc60_0, v0x1d9cef0_0, v0x1d9d070_0 {0 0 0};
    %load/vec4 v0x1d9d230_0;
    %muli 100, 0, 32;
    %load/vec4 v0x1d9caa0_0;
    %pad/u 32;
    %load/vec4 v0x1d9c720_0;
    %pad/u 32;
    %sub;
    %mul;
    %load/vec4 v0x1d9cc60_0;
    %pad/u 32;
    %load/vec4 v0x1d9c8e0_0;
    %pad/u 32;
    %sub;
    %div;
    %store/vec4 v0x1d9c310_0, 0, 32;
    %load/vec4 v0x1d9d230_0;
    %muli 100, 0, 32;
    %load/vec4 v0x1d9cef0_0;
    %pad/u 32;
    %load/vec4 v0x1d9c720_0;
    %pad/u 32;
    %sub;
    %mul;
    %load/vec4 v0x1d9d070_0;
    %pad/u 32;
    %load/vec4 v0x1d9c8e0_0;
    %pad/u 32;
    %sub;
    %div;
    %store/vec4 v0x1d9c3f0_0, 0, 32;
    %vpi_call 2 54 "$display", "invslope1: %d, invslope2: %d", v0x1d9c310_0, v0x1d9c3f0_0 {0 0 0};
    %load/vec4 v0x1d9c720_0;
    %pad/u 32;
    %load/vec4 v0x1d9c310_0;
    %add;
    %store/vec4 v0x1d9bf70_0, 0, 32;
    %load/vec4 v0x1d9c720_0;
    %pad/u 32;
    %load/vec4 v0x1d9c3f0_0;
    %add;
    %store/vec4 v0x1d9c050_0, 0, 32;
    %vpi_call 2 59 "$display", "curx1: %d, curx2: %d", v0x1d9bf70_0, v0x1d9c050_0 {0 0 0};
    %load/vec4 v0x1d9c8e0_0;
    %pad/u 32;
    %load/vec4 v0x1d9d230_0;
    %muli 100, 0, 32;
    %add;
    %store/vec4 v0x1d9c4d0_0, 0, 32;
T_0.4 ;
    %load/vec4 v0x1d9c4d0_0;
    %load/vec4 v0x1d9cc60_0;
    %pad/u 32;
    %cmp/u;
    %jmp/0xz T_0.5, 5;
    %load/vec4 v0x1d9bf70_0;
    %load/vec4 v0x1d9c310_0;
    %add;
    %store/vec4 v0x1d9bf70_0, 0, 32;
    %load/vec4 v0x1d9c050_0;
    %load/vec4 v0x1d9c3f0_0;
    %add;
    %store/vec4 v0x1d9c050_0, 0, 32;
    %vpi_call 2 66 "$display", "curx1: %d, curx2: %d", v0x1d9bf70_0, v0x1d9c050_0 {0 0 0};
    %load/vec4 v0x1d9c4d0_0;
    %addi 100, 0, 32;
    %store/vec4 v0x1d9c4d0_0, 0, 32;
    %jmp T_0.4;
T_0.5 ;
    %vpi_call 2 68 "$display", "i am working bitch" {0 0 0};
    %jmp T_0;
    .thread T_0, $push;
# The file index is used to find the file name in the following table.
:file_names 3;
    "N/A";
    "<interactive>";
    "rasterize_points.v";
