Qflow migration logfile created on Thu May 5 11:34:53 EDT 2022
magic -dnull -noconsole  migrate_CompBlock.tcl

Magic 8.3 revision 153 - Compiled on Wed Apr  7 23:10:27 EDT 2021.
Starting magic under Tcl interpreter
Using the terminal as the console.
Using NULL graphics device.
Processing system .magicrc file
Input style lambda=0.20(p): scaleFactor=20, multiplier=1
Contact size value ignored (using GDS generation rules).
Contact size value ignored (using GDS generation rules).
Contact size value ignored (using GDS generation rules).
Contact size value ignored (using GDS generation rules).
Contact size value ignored (using GDS generation rules).
Contact size value ignored (using GDS generation rules).
4 Magic internal units = 1 Lambda
Loading "migrate_CompBlock.tcl" from command line.
Root cell box:
           width x height  (   llx,  lly  ), (   urx,  ury  )

microns:    0.00 x 0.00    (  0.00,  0.00 ), (  0.00,  0.00 )
lambda:     0.00 x 0.00    (  0.00,  0.00 ), (  0.00,  0.00 )
internal:      0 x 0       (     0,  0    ), (     0,  0    )
Reading LEF data from file /usr/local/share/qflow/tech/osu035/osu035_stdcells.lef.
This action cannot be undone.
LEF read, Line 16 (Message): Unknown keyword "OBS" in LEF file; ignoring.
LEF read, Line 17 (Message): Unknown keyword "PIN" in LEF file; ignoring.
LEF read: Processed 3179 lines.
Reading DEF data from file CompBlock.def.
This action cannot be undone.
  Processed 3 vias total.
  Processed 3244 subcell instances total.
  Processed 179 pins total.
  Processed 3104 nets total.
  Processed 655 special nets total.
DEF read: Processed 43286 lines.
Generating LEF output CompBlock.lef for cell CompBlock:
Diagnostic:  Write LEF header for cell CompBlock
Diagnostic:  Writing LEF output for cell CompBlock
Diagnostic:  Scale value is 0.050000
Extracting OAI22X1 into OAI22X1.ext:
Extracting AOI22X1 into AOI22X1.ext:
Extracting DFFPOSX1 into DFFPOSX1.ext:
Extracting BUFX2 into BUFX2.ext:
Extracting AND2X2 into AND2X2.ext:
Extracting XOR2X1 into XOR2X1.ext:
Extracting XNOR2X1 into XNOR2X1.ext:
Extracting FILL into FILL.ext:
Extracting INVX1 into INVX1.ext:
Extracting NAND2X1 into NAND2X1.ext:
Extracting NOR2X1 into NOR2X1.ext:
Extracting OR2X2 into OR2X2.ext:
Extracting AOI21X1 into AOI21X1.ext:
Extracting NAND3X1 into NAND3X1.ext:
Extracting OAI21X1 into OAI21X1.ext:
Extracting NOR3X1 into NOR3X1.ext:
Extracting CompBlock into CompBlock.ext:
exttospice finished.
Migration script ended on Thu May 5 11:35:11 EDT 2022
