Qflow placement logfile created on Thu May 5 11:31:11 EDT 2022
Running blif2cel to generate input files for graywolf
blif2cel.tcl --blif /home/osboxes/Qflow_2/synthesis/CompBlock.blif  --lef  /usr/local/share/qflow/tech/osu035/osu035_stdcells.lef --cel /home/osboxes/Qflow_2/layout/CompBlock.cel
Opened BLIF file (/home/osboxes/Qflow_2/synthesis/CompBlock.blif) for reading ...
Opened CEL file (/home/osboxes/Qflow_2/layout/CompBlock.cel) for writing...
Loaded /usr/local/share/qflow/tech/osu035/osu035_stdcells.lef file for reading...
1st pass of blif file /home/osboxes/Qflow_2/synthesis/CompBlock.blif. . .
Reading macros and/or technology data from LEF file. . .
LEF file specifies route layer Y pitch as 2
LEF file specifies route layer X pitch as 1.6
Parsing macro AND2X2
Parsing macro AOI21X1
Parsing macro AOI22X1
Parsing macro BUFX2
Parsing macro NOR3X1
Parsing macro DFFPOSX1
Parsing macro INVX1
Parsing macro NAND2X1
Parsing macro NAND3X1
Parsing macro NOR2X1
Parsing macro OAI21X1
Parsing macro OAI22X1
Parsing macro OR2X2
Parsing macro XOR2X1
Parsing macro XNOR2X1
2nd pass of blif file. . .
3rd pass of blif file. . .
Done!
No CompBlock.cel1 file found for project. . . no partial blockages to apply to layout.
No CompBlock.cel2 file found for project. . . continuing without pin placement hints
Running GrayWolf placement
graywolf  CompBlock

twflow version:2.1 date:Mon May 25 21:15:08 EDT 1992
Authors: Bill Swartz, Carl Sechen
         Yale University

syntax version:v1.1 date:Mon May 25 21:11:10 EDT 1992
TimberWolf System Syntax Checker
Authors: Carl Sechen, Kai-Win Lee, Bill Swartz,
         Dahe Chen, and Jimmy Lam
         Yale University

Read   50 objects so far...
Read  100 objects so far...
Read  150 objects so far...
Read  200 objects so far...
Read  250 objects so far...
Read  300 objects so far...
Read  350 objects so far...
Read  400 objects so far...
Read  450 objects so far...
Read  500 objects so far...
Read  550 objects so far...
Read  600 objects so far...
Read  650 objects so far...
Read  700 objects so far...
Read  750 objects so far...
Read  800 objects so far...
Read  850 objects so far...
Read  900 objects so far...
Read  950 objects so far...
Read 1000 objects so far...
Read 1050 objects so far...
Read 1100 objects so far...
Read 1150 objects so far...
Read 1200 objects so far...
Read 1250 objects so far...
Read 1300 objects so far...
Read 1350 objects so far...
Read 1400 objects so far...
Read 1450 objects so far...
Read 1500 objects so far...
Read 1550 objects so far...
Read 1600 objects so far...
Read 1650 objects so far...
Read 1700 objects so far...
Read 1750 objects so far...
Read 1800 objects so far...
Read 1850 objects so far...
Read 1900 objects so far...
Read 1950 objects so far...
Read 2000 objects so far...
Read 2050 objects so far...
Read 2100 objects so far...
Read 2150 objects so far...
Read 2200 objects so far...
Read 2250 objects so far...
Read 2300 objects so far...
Read 2350 objects so far...
Read 2400 objects so far...
Read 2450 objects so far...
Read 2500 objects so far...
Read 2550 objects so far...
Read 2600 objects so far...
Read 2650 objects so far...
Read 2700 objects so far...
Read 2750 objects so far...
Read 2800 objects so far...
Read 2850 objects so far...
Read 2900 objects so far...
Read 2950 objects so far...
Read 3000 objects so far...
Read 3050 objects so far...
Read 3100 objects so far...
No syntax errors were found

syntax terminated normally with no errors and 0 warning[s]


----------------------------
Total stdcells     :2943
Total cell width   :1.77e+06
Total cell height  :5.89e+06
Total cell area    :3.53e+09
Total core area    :3.53e+09
Average cell height:2.00e+03


nocut - replacement for Mincut version:v1.0 date:Mon May 25 21:09:40 EDT 1992
TimberWolf System Floorplan Setup Program
Authors: Carl Sechen, Bill Swartz,
         Yale University

Read   50 objects so far...
Read  100 objects so far...
Read  150 objects so far...
Read  200 objects so far...
Read  250 objects so far...
Read  300 objects so far...
Read  350 objects so far...
Read  400 objects so far...
Read  450 objects so far...
Read  500 objects so far...
Read  550 objects so far...
Read  600 objects so far...
Read  650 objects so far...
Read  700 objects so far...
Read  750 objects so far...
Read  800 objects so far...
Read  850 objects so far...
Read  900 objects so far...
Read  950 objects so far...
Read 1000 objects so far...
Read 1050 objects so far...
Read 1100 objects so far...
Read 1150 objects so far...
Read 1200 objects so far...
Read 1250 objects so far...
Read 1300 objects so far...
Read 1350 objects so far...
Read 1400 objects so far...
Read 1450 objects so far...
Read 1500 objects so far...
Read 1550 objects so far...
Read 1600 objects so far...
Read 1650 objects so far...
Read 1700 objects so far...
Read 1750 objects so far...
Read 1800 objects so far...
Read 1850 objects so far...
Read 1900 objects so far...
Read 1950 objects so far...
Read 2000 objects so far...
Read 2050 objects so far...
Read 2100 objects so far...
Read 2150 objects so far...
Read 2200 objects so far...
Read 2250 objects so far...
Read 2300 objects so far...
Read 2350 objects so far...
Read 2400 objects so far...
Read 2450 objects so far...
Read 2500 objects so far...
Read 2550 objects so far...
Read 2600 objects so far...
Read 2650 objects so far...
Read 2700 objects so far...
Read 2750 objects so far...
Read 2800 objects so far...
Read 2850 objects so far...
Read 2900 objects so far...
Read 2950 objects so far...
Read 3000 objects so far...
Read 3050 objects so far...
Read 3100 objects so far...
Splitting CompBlock.cel into CompBlock.scel and CompBlock.mcel...
	done!


nocut - replacement for Mincut terminated normally with no errors and 0 warning[s]


TimberWolfMC version:v2.2 date:Mon May 25 21:18:34 EDT 1992
Authors: Carl Sechen, Bill Swartz, Kai-Win Lee
         Dahe Chen, and Jimmy Lam
         Yale University

config version:v1.0 date:Mon May 25 20:57:18 EDT 1992
Row configuration program
    Yale University


config switches:
	Graphics mode on
	config will inherit window



config terminated normally with no errors and 0 warning[s]


TimberWolfMC terminated normally with no errors and 0 warning[s]



TimberWolfSC switches:
	Graphics mode on
	TimberWolfSC will inherit window

TimberWolfSC version:v6.0 date:Mon May 25 21:19:07 EDT 1992
Row-Based Placement and Global Routing Program
Authors: Carl Sechen, Kai-Win Lee, and Bill Swartz,
         Yale University
  0 
  1   2   3   4   5   6   7   8   9  10  11  12  13  14  15 
 16  17  18  19  20  21  22  23  24  25  26  27  28  29  30 
 31  32  33  34  35  36  37  38  39  40  41  42  43  44  45 
 46  47  48  49  50  51  52  53  54  55  56  57  58  59  60 
 61  62  63  64  65  66  67  68  69  70  71  72  73  74  75 
 76  77  78  79  80  81  82  83  84  85  86  87  88  89  90 
 91  92  93  94  95  96  97  98  99 100 101 102 103 104 105 
106 107 108 109 110 111 112 113 114 115 116 117 118 119 120 
121 122 123 124 125 126 127 128 129 130 131 132 133 134 135 
136 137 138 139 140 141 142 143 144 145 146 147 148 149 150 
151 152 153 154 155 156 157 158 
 block left edge is at -399
 the longest block length is 66880
 building the steiner trees
 rebuilding the steiner tree

----start doing coarse global routing ------ 
 ITERATION  1

  longest Row is:2   Its length is:61120
 doing feed-through pins assignment
 building the net-tree now !
 set up the global routing grids
 the starting value of tracks =  391
 tracks = 378 at attempts =  1000
 tracks = 376 at attempts =  2000
 tracks = 374 at attempts =  3000
 tracks = 373 at attempts =  4000
 tracks = 373 at attempts =  5000
 tracks = 373 at attempts =  6000
 tracks = 373 at attempts =  7000
 tracks = 373 at attempts =  8000
 tracks = 373 at attempts =  9000
 tracks = 372 at attempts = 10000
 tracks = 371 at attempts = 11000
 tracks = 371 at attempts = 12000
 tracks = 371 at attempts = 13000
 tracks = 371 at attempts = 14000
 tracks = 371 at attempts = 15000
 tracks = 371 at attempts = 16000
 tracks = 371 at attempts = 17000
 tracks = 371 at attempts = 18000
 tracks = 371 at attempts = 19000
 tracks = 371 at attempts = 20000
 tracks = 371 at attempts = 21000
 tracks = 371 at attempts = 22000
 tracks = 371 at attempts = 23000
 tracks = 371 at attempts = 24000
 tracks = 371 at attempts = 25000
 tracks = 371 at attempts = 26000
 tracks = 371 at attempts = 27000
 tracks = 371 at attempts = 28000
 tracks = 371 at attempts = 29000
 tracks = 371 at attempts = 30000
 tracks = 371 at attempts = 31000
 tracks = 371 at attempts = 32000
 tracks = 371 at attempts = 33000
 tracks = 371 at attempts = 34000
 tracks = 371 at attempts = 35000
 tracks = 371 at attempts = 36000
 tracks = 371 at attempts = 37000
 tracks = 371 at attempts = 38000
 tracks = 371 at attempts = 39000
 tracks = 371 at attempts = 40000
 tracks = 371 at attempts = 41000
 tracks = 371 at attempts = 42000
 tracks = 371 at attempts = 43000
 tracks = 371 at attempts = 44000
 tracks = 371 at attempts = 45000
 tracks = 371 at attempts = 46000
 tracks = 371 at attempts = 47000
 tracks = 371 at attempts = 48000
 tracks = 371 at attempts = 49000
 tracks = 371 at attempts = 50000
 tracks = 371 at attempts = 51000
 tracks = 371 at attempts = 52000
 tracks = 371 at attempts = 53000
 tracks = 371 at attempts = 54000
 tracks = 371 at attempts = 55000
 tracks = 371 at attempts = 56000
 tracks = 371 at attempts = 57000
 tracks = 371 at attempts = 58000
 tracks = 371 at attempts = 59000
 tracks = 371 at attempts = 60000
 tracks = 371 at attempts = 61000
 tracks = 371 at attempts = 62000
 tracks = 371 at attempts = 63000
 tracks = 371 at attempts = 64000
 tracks = 371 at attempts = 65000
 tracks = 371 at attempts = 66000
 tracks = 371 at attempts = 67000
 tracks = 371 at attempts = 68000
 tracks = 371 at attempts = 69000
 tracks = 371 at attempts = 70000
 tracks = 371 at attempts = 71000
 tracks = 371 at attempts = 72000
 tracks = 371 at attempts = 73000
 tracks = 371 at attempts = 74000
 tracks = 371 at attempts = 75000
 tracks = 371 at attempts = 76000
 tracks = 371 at attempts = 77000
 removing redundant feed-through pins
 the connectivity of all the nets is verified

 block left edge is at -399
 the longest block length is 66880
 building the steiner trees
 rebuilding the steiner tree

----start doing coarse global routing ------ 
 ITERATION  1

  longest Row is:2   Its length is:61120
 doing feed-through pins assignment
 building the net-tree now !
 set up the global routing grids
 the starting value of tracks =  387
 tracks = 380 at attempts =  1000
 tracks = 376 at attempts =  2000
 tracks = 373 at attempts =  3000
 tracks = 368 at attempts =  4000
 tracks = 368 at attempts =  5000
 tracks = 367 at attempts =  6000
 tracks = 367 at attempts =  7000
 tracks = 366 at attempts =  8000
 tracks = 366 at attempts =  9000
 tracks = 366 at attempts = 10000
 tracks = 365 at attempts = 11000
 tracks = 364 at attempts = 12000
 tracks = 364 at attempts = 13000
 tracks = 364 at attempts = 14000
 tracks = 364 at attempts = 15000
 tracks = 363 at attempts = 16000
 tracks = 363 at attempts = 17000
 tracks = 363 at attempts = 18000
 tracks = 363 at attempts = 19000
 tracks = 363 at attempts = 20000
 tracks = 363 at attempts = 21000
 tracks = 363 at attempts = 22000
 tracks = 363 at attempts = 23000
 tracks = 363 at attempts = 24000
 tracks = 363 at attempts = 25000
 tracks = 363 at attempts = 26000
 tracks = 363 at attempts = 27000
 tracks = 362 at attempts = 28000
 tracks = 362 at attempts = 29000
 tracks = 362 at attempts = 30000
 tracks = 362 at attempts = 31000
 tracks = 362 at attempts = 32000
 tracks = 362 at attempts = 33000
 tracks = 362 at attempts = 34000
 tracks = 362 at attempts = 35000
 tracks = 362 at attempts = 36000
 tracks = 362 at attempts = 37000
 tracks = 362 at attempts = 38000
 tracks = 362 at attempts = 39000
 tracks = 362 at attempts = 40000
 tracks = 362 at attempts = 41000
 tracks = 362 at attempts = 42000
 tracks = 362 at attempts = 43000
 tracks = 362 at attempts = 44000
 tracks = 362 at attempts = 45000
 tracks = 362 at attempts = 46000
 tracks = 362 at attempts = 47000
 tracks = 362 at attempts = 48000
 tracks = 362 at attempts = 49000
 tracks = 362 at attempts = 50000
 tracks = 362 at attempts = 51000
 tracks = 362 at attempts = 52000
 tracks = 362 at attempts = 53000
 tracks = 362 at attempts = 54000
 tracks = 362 at attempts = 55000
 tracks = 362 at attempts = 56000
 tracks = 362 at attempts = 57000
 tracks = 362 at attempts = 58000
 tracks = 362 at attempts = 59000
 tracks = 362 at attempts = 60000
 tracks = 362 at attempts = 61000
 tracks = 362 at attempts = 62000
 tracks = 362 at attempts = 63000
 tracks = 362 at attempts = 64000
 tracks = 362 at attempts = 65000
 tracks = 362 at attempts = 66000
 tracks = 362 at attempts = 67000
 tracks = 362 at attempts = 68000
 tracks = 362 at attempts = 69000
 tracks = 362 at attempts = 70000
 tracks = 362 at attempts = 71000
 tracks = 362 at attempts = 72000
 tracks = 362 at attempts = 73000
 tracks = 362 at attempts = 74000
 tracks = 362 at attempts = 75000
 tracks = 362 at attempts = 76000
 tracks = 362 at attempts = 77000
 removing redundant feed-through pins
 the connectivity of all the nets is verified

 block left edge is at -399
 the longest block length is 66880
 building the steiner trees
 rebuilding the steiner tree

----start doing coarse global routing ------ 
 ITERATION  1

  longest Row is:2   Its length is:61120
 doing feed-through pins assignment
 building the net-tree now !
 set up the global routing grids
 the starting value of tracks =  394
 tracks = 382 at attempts =  1000
 tracks = 379 at attempts =  2000
 tracks = 376 at attempts =  3000
 tracks = 374 at attempts =  4000
 tracks = 372 at attempts =  5000
 tracks = 370 at attempts =  6000
 tracks = 369 at attempts =  7000
 tracks = 367 at attempts =  8000
 tracks = 367 at attempts =  9000
 tracks = 367 at attempts = 10000
 tracks = 367 at attempts = 11000
 tracks = 365 at attempts = 12000
 tracks = 365 at attempts = 13000
 tracks = 365 at attempts = 14000
 tracks = 365 at attempts = 15000
 tracks = 364 at attempts = 16000
 tracks = 364 at attempts = 17000
 tracks = 364 at attempts = 18000
 tracks = 364 at attempts = 19000
 tracks = 364 at attempts = 20000
 tracks = 364 at attempts = 21000
 tracks = 364 at attempts = 22000
 tracks = 364 at attempts = 23000
 tracks = 364 at attempts = 24000
 tracks = 364 at attempts = 25000
 tracks = 364 at attempts = 26000
 tracks = 364 at attempts = 27000
 tracks = 364 at attempts = 28000
 tracks = 364 at attempts = 29000
 tracks = 364 at attempts = 30000
 tracks = 364 at attempts = 31000
 tracks = 364 at attempts = 32000
 tracks = 364 at attempts = 33000
 tracks = 364 at attempts = 34000
 tracks = 364 at attempts = 35000
 tracks = 364 at attempts = 36000
 tracks = 364 at attempts = 37000
 tracks = 364 at attempts = 38000
 tracks = 364 at attempts = 39000
 tracks = 364 at attempts = 40000
 tracks = 364 at attempts = 41000
 tracks = 364 at attempts = 42000
 tracks = 364 at attempts = 43000
 tracks = 364 at attempts = 44000
 tracks = 364 at attempts = 45000
 tracks = 364 at attempts = 46000
 tracks = 364 at attempts = 47000
 tracks = 364 at attempts = 48000
 tracks = 364 at attempts = 49000
 tracks = 364 at attempts = 50000
 tracks = 364 at attempts = 51000
 tracks = 364 at attempts = 52000
 tracks = 364 at attempts = 53000
 tracks = 364 at attempts = 54000
 tracks = 364 at attempts = 55000
 tracks = 364 at attempts = 56000
 tracks = 364 at attempts = 57000
 tracks = 364 at attempts = 58000
 tracks = 364 at attempts = 59000
 tracks = 364 at attempts = 60000
 tracks = 364 at attempts = 61000
 tracks = 364 at attempts = 62000
 tracks = 364 at attempts = 63000
 tracks = 364 at attempts = 64000
 tracks = 364 at attempts = 65000
 tracks = 364 at attempts = 66000
 tracks = 364 at attempts = 67000
 tracks = 364 at attempts = 68000
 tracks = 364 at attempts = 69000
 tracks = 364 at attempts = 70000
 tracks = 364 at attempts = 71000
 tracks = 364 at attempts = 72000
 tracks = 364 at attempts = 73000
 tracks = 364 at attempts = 74000
 tracks = 364 at attempts = 75000
 tracks = 364 at attempts = 76000
 tracks = 364 at attempts = 77000
 removing redundant feed-through pins
 the connectivity of all the nets is verified

 block left edge is at -399
 the longest block length is 66880
 building the steiner trees
 rebuilding the steiner tree

----start doing coarse global routing ------ 
 ITERATION  1

  longest Row is:2   Its length is:61120
 doing feed-through pins assignment
 building the net-tree now !
 set up the global routing grids
 the starting value of tracks =  399
 tracks = 398 at attempts =  1000
 tracks = 397 at attempts =  2000
 tracks = 397 at attempts =  3000
 tracks = 397 at attempts =  4000
 tracks = 397 at attempts =  5000
 tracks = 397 at attempts =  6000
 tracks = 397 at attempts =  7000
 tracks = 397 at attempts =  8000
 tracks = 397 at attempts =  9000
 tracks = 397 at attempts = 10000
 tracks = 397 at attempts = 11000
 tracks = 397 at attempts = 12000
 tracks = 397 at attempts = 13000
 tracks = 397 at attempts = 14000
 tracks = 397 at attempts = 15000
 tracks = 397 at attempts = 16000
 tracks = 397 at attempts = 17000
 tracks = 397 at attempts = 18000
 tracks = 397 at attempts = 19000
 tracks = 397 at attempts = 20000
 tracks = 397 at attempts = 21000
 tracks = 397 at attempts = 22000
 tracks = 397 at attempts = 23000
 tracks = 397 at attempts = 24000
 tracks = 397 at attempts = 25000
 tracks = 397 at attempts = 26000
 tracks = 397 at attempts = 27000
 tracks = 397 at attempts = 28000
 tracks = 397 at attempts = 29000
 tracks = 397 at attempts = 30000
 tracks = 397 at attempts = 31000
 tracks = 397 at attempts = 32000
 tracks = 397 at attempts = 33000
 tracks = 397 at attempts = 34000
 tracks = 397 at attempts = 35000
 tracks = 397 at attempts = 36000
 tracks = 397 at attempts = 37000
 tracks = 397 at attempts = 38000
 tracks = 397 at attempts = 39000
 tracks = 397 at attempts = 40000
 tracks = 397 at attempts = 41000
 tracks = 397 at attempts = 42000
 tracks = 397 at attempts = 43000
 tracks = 397 at attempts = 44000
 tracks = 397 at attempts = 45000
 tracks = 397 at attempts = 46000
 tracks = 397 at attempts = 47000
 tracks = 397 at attempts = 48000
 tracks = 397 at attempts = 49000
 tracks = 397 at attempts = 50000
 tracks = 397 at attempts = 51000
 tracks = 397 at attempts = 52000
 tracks = 397 at attempts = 53000
 tracks = 397 at attempts = 54000
 tracks = 397 at attempts = 55000
 tracks = 397 at attempts = 56000
 tracks = 397 at attempts = 57000
 tracks = 397 at attempts = 58000
 tracks = 397 at attempts = 59000
 tracks = 397 at attempts = 60000
 tracks = 397 at attempts = 61000
 tracks = 397 at attempts = 62000
 tracks = 397 at attempts = 63000
 tracks = 397 at attempts = 64000
 tracks = 397 at attempts = 65000
 tracks = 397 at attempts = 66000
 tracks = 397 at attempts = 67000
 tracks = 397 at attempts = 68000
 tracks = 397 at attempts = 69000
 tracks = 397 at attempts = 70000
 tracks = 397 at attempts = 71000
 tracks = 397 at attempts = 72000
 tracks = 397 at attempts = 73000
 tracks = 397 at attempts = 74000
 tracks = 397 at attempts = 75000
 tracks = 397 at attempts = 76000
 tracks = 397 at attempts = 77000
 removing redundant feed-through pins
 the connectivity of all the nets is verified

 block left edge is at -399
 the longest block length is 66880
 building the steiner trees
 rebuilding the steiner tree

----start doing coarse global routing ------ 
 ITERATION  1

  longest Row is:2   Its length is:61120
 doing feed-through pins assignment
 building the net-tree now !
 set up the global routing grids
 the starting value of tracks =  384
 tracks = 376 at attempts =  1000
 tracks = 370 at attempts =  2000
 tracks = 368 at attempts =  3000
 tracks = 367 at attempts =  4000
 tracks = 364 at attempts =  5000
 tracks = 363 at attempts =  6000
 tracks = 363 at attempts =  7000
 tracks = 363 at attempts =  8000
 tracks = 361 at attempts =  9000
 tracks = 359 at attempts = 10000
 tracks = 358 at attempts = 11000
 tracks = 358 at attempts = 12000
 tracks = 358 at attempts = 13000
 tracks = 358 at attempts = 14000
 tracks = 358 at attempts = 15000
 tracks = 358 at attempts = 16000
 tracks = 358 at attempts = 17000
 tracks = 358 at attempts = 18000
 tracks = 358 at attempts = 19000
 tracks = 358 at attempts = 20000
 tracks = 358 at attempts = 21000
 tracks = 358 at attempts = 22000
 tracks = 358 at attempts = 23000
 tracks = 358 at attempts = 24000
 tracks = 358 at attempts = 25000
 tracks = 358 at attempts = 26000
 tracks = 358 at attempts = 27000
 tracks = 358 at attempts = 28000
 tracks = 358 at attempts = 29000
 tracks = 358 at attempts = 30000
 tracks = 358 at attempts = 31000
 tracks = 358 at attempts = 32000
 tracks = 358 at attempts = 33000
 tracks = 358 at attempts = 34000
 tracks = 358 at attempts = 35000
 tracks = 358 at attempts = 36000
 tracks = 358 at attempts = 37000
 tracks = 358 at attempts = 38000
 tracks = 358 at attempts = 39000
 tracks = 358 at attempts = 40000
 tracks = 358 at attempts = 41000
 tracks = 358 at attempts = 42000
 tracks = 358 at attempts = 43000
 tracks = 358 at attempts = 44000
 tracks = 358 at attempts = 45000
 tracks = 358 at attempts = 46000
 tracks = 358 at attempts = 47000
 tracks = 358 at attempts = 48000
 tracks = 358 at attempts = 49000
 tracks = 358 at attempts = 50000
 tracks = 358 at attempts = 51000
 tracks = 358 at attempts = 52000
 tracks = 358 at attempts = 53000
 tracks = 358 at attempts = 54000
 tracks = 358 at attempts = 55000
 tracks = 358 at attempts = 56000
 tracks = 358 at attempts = 57000
 tracks = 358 at attempts = 58000
 tracks = 358 at attempts = 59000
 tracks = 358 at attempts = 60000
 tracks = 358 at attempts = 61000
 tracks = 358 at attempts = 62000
 tracks = 358 at attempts = 63000
 tracks = 358 at attempts = 64000
 tracks = 358 at attempts = 65000
 tracks = 358 at attempts = 66000
 tracks = 358 at attempts = 67000
 tracks = 358 at attempts = 68000
 tracks = 358 at attempts = 69000
 tracks = 358 at attempts = 70000
 tracks = 358 at attempts = 71000
 tracks = 358 at attempts = 72000
 tracks = 358 at attempts = 73000
 tracks = 358 at attempts = 74000
 tracks = 358 at attempts = 75000
 tracks = 358 at attempts = 76000
 tracks = 358 at attempts = 77000
 removing redundant feed-through pins
 the connectivity of all the nets is verified

 block left edge is at -399
 the longest block length is 66880
 building the steiner trees
 rebuilding the steiner tree

----start doing coarse global routing ------ 
 ITERATION  1

  longest Row is:2   Its length is:61120
 doing feed-through pins assignment
 building the net-tree now !
 set up the global routing grids
 the starting value of tracks =  391
 tracks = 382 at attempts =  1000
 tracks = 377 at attempts =  2000
 tracks = 374 at attempts =  3000
 tracks = 373 at attempts =  4000
 tracks = 371 at attempts =  5000
 tracks = 370 at attempts =  6000
 tracks = 369 at attempts =  7000
 tracks = 369 at attempts =  8000
 tracks = 368 at attempts =  9000
 tracks = 368 at attempts = 10000
 tracks = 368 at attempts = 11000
 tracks = 368 at attempts = 12000
 tracks = 368 at attempts = 13000
 tracks = 368 at attempts = 14000
 tracks = 368 at attempts = 15000
 tracks = 368 at attempts = 16000
 tracks = 368 at attempts = 17000
 tracks = 368 at attempts = 18000
 tracks = 368 at attempts = 19000
 tracks = 368 at attempts = 20000
 tracks = 368 at attempts = 21000
 tracks = 368 at attempts = 22000
 tracks = 368 at attempts = 23000
 tracks = 368 at attempts = 24000
 tracks = 368 at attempts = 25000
 tracks = 368 at attempts = 26000
 tracks = 368 at attempts = 27000
 tracks = 368 at attempts = 28000
 tracks = 368 at attempts = 29000
 tracks = 368 at attempts = 30000
 tracks = 368 at attempts = 31000
 tracks = 368 at attempts = 32000
 tracks = 368 at attempts = 33000
 tracks = 368 at attempts = 34000
 tracks = 368 at attempts = 35000
 tracks = 368 at attempts = 36000
 tracks = 368 at attempts = 37000
 tracks = 368 at attempts = 38000
 tracks = 368 at attempts = 39000
 tracks = 368 at attempts = 40000
 tracks = 368 at attempts = 41000
 tracks = 368 at attempts = 42000
 tracks = 368 at attempts = 43000
 tracks = 368 at attempts = 44000
 tracks = 368 at attempts = 45000
 tracks = 368 at attempts = 46000
 tracks = 368 at attempts = 47000
 tracks = 368 at attempts = 48000
 tracks = 368 at attempts = 49000
 tracks = 368 at attempts = 50000
 tracks = 368 at attempts = 51000
 tracks = 368 at attempts = 52000
 tracks = 368 at attempts = 53000
 tracks = 368 at attempts = 54000
 tracks = 368 at attempts = 55000
 tracks = 368 at attempts = 56000
 tracks = 368 at attempts = 57000
 tracks = 368 at attempts = 58000
 tracks = 368 at attempts = 59000
 tracks = 368 at attempts = 60000
 tracks = 368 at attempts = 61000
 tracks = 368 at attempts = 62000
 tracks = 368 at attempts = 63000
 tracks = 368 at attempts = 64000
 tracks = 368 at attempts = 65000
 tracks = 368 at attempts = 66000
 tracks = 368 at attempts = 67000
 tracks = 368 at attempts = 68000
 tracks = 368 at attempts = 69000
 tracks = 368 at attempts = 70000
 tracks = 368 at attempts = 71000
 tracks = 368 at attempts = 72000
 tracks = 368 at attempts = 73000
 tracks = 368 at attempts = 74000
 tracks = 368 at attempts = 75000
 tracks = 368 at attempts = 76000
 tracks = 368 at attempts = 77000
 removing redundant feed-through pins
 the connectivity of all the nets is verified

 block left edge is at -399
 the longest block length is 66880
 building the steiner trees
 rebuilding the steiner tree

----start doing coarse global routing ------ 
 ITERATION  1

  longest Row is:2   Its length is:61120
 doing feed-through pins assignment
 building the net-tree now !
 set up the global routing grids
 the starting value of tracks =  384
 tracks = 372 at attempts =  1000
 tracks = 370 at attempts =  2000
 tracks = 370 at attempts =  3000
 tracks = 366 at attempts =  4000
 tracks = 366 at attempts =  5000
 tracks = 366 at attempts =  6000
 tracks = 364 at attempts =  7000
 tracks = 364 at attempts =  8000
 tracks = 364 at attempts =  9000
 tracks = 364 at attempts = 10000
 tracks = 363 at attempts = 11000
 tracks = 362 at attempts = 12000
 tracks = 362 at attempts = 13000
 tracks = 362 at attempts = 14000
 tracks = 362 at attempts = 15000
 tracks = 360 at attempts = 16000
 tracks = 360 at attempts = 17000
 tracks = 360 at attempts = 18000
 tracks = 360 at attempts = 19000
 tracks = 360 at attempts = 20000
 tracks = 360 at attempts = 21000
 tracks = 360 at attempts = 22000
 tracks = 360 at attempts = 23000
 tracks = 360 at attempts = 24000
 tracks = 360 at attempts = 25000
 tracks = 360 at attempts = 26000
 tracks = 360 at attempts = 27000
 tracks = 360 at attempts = 28000
 tracks = 360 at attempts = 29000
 tracks = 360 at attempts = 30000
 tracks = 360 at attempts = 31000
 tracks = 360 at attempts = 32000
 tracks = 360 at attempts = 33000
 tracks = 360 at attempts = 34000
 tracks = 360 at attempts = 35000
 tracks = 360 at attempts = 36000
 tracks = 360 at attempts = 37000
 tracks = 360 at attempts = 38000
 tracks = 360 at attempts = 39000
 tracks = 360 at attempts = 40000
 tracks = 360 at attempts = 41000
 tracks = 360 at attempts = 42000
 tracks = 360 at attempts = 43000
 tracks = 360 at attempts = 44000
 tracks = 360 at attempts = 45000
 tracks = 360 at attempts = 46000
 tracks = 360 at attempts = 47000
 tracks = 360 at attempts = 48000
 tracks = 360 at attempts = 49000
 tracks = 360 at attempts = 50000
 tracks = 360 at attempts = 51000
 tracks = 360 at attempts = 52000
 tracks = 360 at attempts = 53000
 tracks = 360 at attempts = 54000
 tracks = 360 at attempts = 55000
 tracks = 360 at attempts = 56000
 tracks = 360 at attempts = 57000
 tracks = 360 at attempts = 58000
 tracks = 360 at attempts = 59000
 tracks = 360 at attempts = 60000
 tracks = 360 at attempts = 61000
 tracks = 360 at attempts = 62000
 tracks = 360 at attempts = 63000
 tracks = 360 at attempts = 64000
 tracks = 360 at attempts = 65000
 tracks = 360 at attempts = 66000
 tracks = 360 at attempts = 67000
 tracks = 360 at attempts = 68000
 tracks = 360 at attempts = 69000
 tracks = 360 at attempts = 70000
 tracks = 360 at attempts = 71000
 tracks = 360 at attempts = 72000
 tracks = 360 at attempts = 73000
 tracks = 360 at attempts = 74000
 tracks = 360 at attempts = 75000
 tracks = 360 at attempts = 76000
 tracks = 360 at attempts = 77000
 removing redundant feed-through pins
 the connectivity of all the nets is verified

 block left edge is at -399
 the longest block length is 66880
 building the steiner trees
 rebuilding the steiner tree

----start doing coarse global routing ------ 
 ITERATION  1

  longest Row is:2   Its length is:61120
 doing feed-through pins assignment
 building the net-tree now !
 set up the global routing grids
 the starting value of tracks =  399
 tracks = 399 at attempts =  1000
 tracks = 398 at attempts =  2000
 tracks = 397 at attempts =  3000
 tracks = 397 at attempts =  4000
 tracks = 397 at attempts =  5000
 tracks = 397 at attempts =  6000
 tracks = 397 at attempts =  7000
 tracks = 397 at attempts =  8000
 tracks = 397 at attempts =  9000
 tracks = 397 at attempts = 10000
 tracks = 397 at attempts = 11000
 tracks = 397 at attempts = 12000
 tracks = 397 at attempts = 13000
 tracks = 397 at attempts = 14000
 tracks = 397 at attempts = 15000
 tracks = 397 at attempts = 16000
 tracks = 397 at attempts = 17000
 tracks = 397 at attempts = 18000
 tracks = 397 at attempts = 19000
 tracks = 397 at attempts = 20000
 tracks = 397 at attempts = 21000
 tracks = 397 at attempts = 22000
 tracks = 397 at attempts = 23000
 tracks = 397 at attempts = 24000
 tracks = 397 at attempts = 25000
 tracks = 397 at attempts = 26000
 tracks = 397 at attempts = 27000
 tracks = 397 at attempts = 28000
 tracks = 397 at attempts = 29000
 tracks = 397 at attempts = 30000
 tracks = 397 at attempts = 31000
 tracks = 397 at attempts = 32000
 tracks = 397 at attempts = 33000
 tracks = 397 at attempts = 34000
 tracks = 397 at attempts = 35000
 tracks = 397 at attempts = 36000
 tracks = 397 at attempts = 37000
 tracks = 397 at attempts = 38000
 tracks = 397 at attempts = 39000
 tracks = 397 at attempts = 40000
 tracks = 397 at attempts = 41000
 tracks = 397 at attempts = 42000
 tracks = 397 at attempts = 43000
 tracks = 397 at attempts = 44000
 tracks = 397 at attempts = 45000
 tracks = 397 at attempts = 46000
 tracks = 397 at attempts = 47000
 tracks = 397 at attempts = 48000
 tracks = 397 at attempts = 49000
 tracks = 397 at attempts = 50000
 tracks = 397 at attempts = 51000
 tracks = 397 at attempts = 52000
 tracks = 397 at attempts = 53000
 tracks = 397 at attempts = 54000
 tracks = 397 at attempts = 55000
 tracks = 397 at attempts = 56000
 tracks = 397 at attempts = 57000
 tracks = 397 at attempts = 58000
 tracks = 397 at attempts = 59000
 tracks = 397 at attempts = 60000
 tracks = 397 at attempts = 61000
 tracks = 397 at attempts = 62000
 tracks = 397 at attempts = 63000
 tracks = 397 at attempts = 64000
 tracks = 397 at attempts = 65000
 tracks = 397 at attempts = 66000
 tracks = 397 at attempts = 67000
 tracks = 397 at attempts = 68000
 tracks = 397 at attempts = 69000
 tracks = 397 at attempts = 70000
 tracks = 397 at attempts = 71000
 tracks = 397 at attempts = 72000
 tracks = 397 at attempts = 73000
 tracks = 397 at attempts = 74000
 tracks = 397 at attempts = 75000
 tracks = 397 at attempts = 76000
 tracks = 397 at attempts = 77000
 removing redundant feed-through pins
 the connectivity of all the nets is verified


***********************************************
*ACTUAL* FINAL NUMBER OF ROUTING TRACKS: 358
***********************************************


TimberWolfSC terminated normally with no errors and 0 warning[s]


twflow terminated normally with no errors and 0 warning[s]

Running getfillcell to determine cell to use for fill.
getfillcell.tcl CompBlock  /usr/local/share/qflow/tech/osu035/osu035_stdcells.lef FILL
Using cell FILL for fill
Running place2def to translate graywolf output to DEF format.
place2def.tcl CompBlock FILL 
Running place2def.tcl
DEF database: 100 units per micron
Limits: xbot = -750.0 ybot = -530.0 xtop = 61070.0 ytop = 58130.0
Core values: 80.0 100 61200.0 58100
Offsets: 80.0 100
4 routing layers
294 horizontal tracks from -400.0 to 58400.0 step 200 (M1, M3, ...)
388 vertical tracks from -480.0 to 61600.0 step 160.0 (M2, M4, ...)
Summary: Total components = 2943
  Fill cells  = 0
  Other cells = 2943
Done with place2def.tcl
Running addspacers to generate power stripes and align cell right edge
addspacers.tcl  -stripe 5.0 150.0 PG CompBlock  /usr/local/share/qflow/tech/osu035/osu035_stdcells.lef FILL
Reading FILL macros from LEF file.
Reading DEF file CompBlock.def. . .
Number of rows is 29
Longest row has width 612.0 um
addspacers:  Inserting 3 stripes of width 4.8 um (5.0 um requested)
  Pitch 148.8 um, offset 156.8 um
stretch:  Number of components is 3244
Analysis of DEF file:
Number of components = 2943
New number of components = 3244
Number of rows = 29
Adjusting obstructions for power striping
Done with addspacers.tcl
Running arrangepins to adjust pin positions for optimal routing.
arrangepins.tcl  CompBlock
Reading info file CompBlock.info. . .
Reading DEF file CompBlock.def. . .
Warning: pin sin_beta[5] has no bounding box.
Warning: pin sin_gamma[7] has no bounding box.
Warning: pin sin_beta[10] has no bounding box.
Warning: pin cos_beta[14] has no bounding box.
Warning: pin cos_beta[4] has no bounding box.
Warning: pin sin_beta[11] has no bounding box.
Warning: pin cos_beta[5] has no bounding box.
Warning: pin cos_beta[12] has no bounding box.
Warning: pin sin_alpha[0] has no bounding box.
Warning: pin sin_gamma[4] has no bounding box.
Warning: pin sin_beta[9] has no bounding box.
Warning: pin sin_alpha[5] has no bounding box.
Warning: pin cos_beta[13] has no bounding box.
Warning: pin cos_beta[10] has no bounding box.
Warning: pin sin_alpha[7] has no bounding box.
Warning: pin cos_beta[9] has no bounding box.
Warning: pin sin_beta[6] has no bounding box.
Warning: pin sin_gamma[0] has no bounding box.
Warning: pin sin_gamma[12] has no bounding box.
Warning: pin cos_beta[15] has no bounding box.
Warning: pin sin_alpha[4] has no bounding box.
Warning: pin sin_beta[7] has no bounding box.
Warning: pin sin_gamma[13] has no bounding box.
Warning: pin sin_gamma[9] has no bounding box.
Warning: pin sin_alpha[15] has no bounding box.
Warning: pin sin_beta[4] has no bounding box.
Warning: pin cos_beta[2] has no bounding box.
Warning: pin sin_alpha[11] has no bounding box.
Warning: pin sin_alpha[6] has no bounding box.
Warning: pin sin_beta[8] has no bounding box.
Warning: pin sin_gamma[10] has no bounding box.
Warning: pin cos_beta[6] has no bounding box.
Warning: pin cos_beta[11] has no bounding box.
Warning: pin sin_beta[2] has no bounding box.
Warning: pin sin_gamma[14] has no bounding box.
Warning: pin sin_gamma[15] has no bounding box.
Warning: pin cos_beta[1] has no bounding box.
Warning: pin sin_alpha[8] has no bounding box.
Warning: pin sin_alpha[9] has no bounding box.
Warning: pin sin_beta[15] has no bounding box.
Warning: pin cos_beta[0] has no bounding box.
Warning: pin sin_beta[12] has no bounding box.
Warning: pin sin_alpha[12] has no bounding box.
Warning: pin sin_alpha[10] has no bounding box.
Warning: pin sin_alpha[13] has no bounding box.
Warning: pin cos_beta[7] has no bounding box.
Warning: pin sin_gamma[6] has no bounding box.
Warning: pin sin_beta[1] has no bounding box.
Warning: pin sin_alpha[3] has no bounding box.
Warning: pin cos_beta[3] has no bounding box.
Warning: pin sin_alpha[2] has no bounding box.
Warning: pin cos_beta[8] has no bounding box.
Warning: pin sin_gamma[5] has no bounding box.
Warning: pin sin_alpha[1] has no bounding box.
Warning: pin sin_beta[3] has no bounding box.
Warning: pin sin_gamma[11] has no bounding box.
Warning: pin sin_gamma[1] has no bounding box.
Warning: pin sin_gamma[3] has no bounding box.
Warning: pin sin_beta[13] has no bounding box.
Warning: pin sin_gamma[2] has no bounding box.
Warning: pin sin_alpha[14] has no bounding box.
Warning: pin sin_gamma[8] has no bounding box.
Warning: pin sin_beta[0] has no bounding box.
Warning: pin sin_beta[14] has no bounding box.
Recalculating pin positions
Writing DEF file CompBlock_mod.def. . .
Done with arrangepins.tcl
blifanno.tcl /home/osboxes/Qflow_2/synthesis/CompBlock.blif CompBlock.def /home/osboxes/Qflow_2/synthesis/CompBlock_anno.blif
Running blifanno.tcl
Reading DEF file CompBlock.def. . .
Done with blifanno.tcl

Generating RTL verilog and SPICE netlist file in directory
   /home/osboxes/Qflow_2/synthesis
Files:
   Verilog: /home/osboxes/Qflow_2/synthesis/CompBlock.rtl.v
   Verilog: /home/osboxes/Qflow_2/synthesis/CompBlock.rtlnopwr.v
   Verilog: /home/osboxes/Qflow_2/synthesis/CompBlock.rtlbb.v
   Spice:   /home/osboxes/Qflow_2/synthesis/CompBlock.spc

Running blif2Verilog.
Running blif2BSpice.
Placement script ended on Thu May 5 11:33:16 EDT 2022
