Flow report for Proyecto
Mon Jun 09 14:34:23 2014
Quartus II 32-bit Version 11.1 Build 259 01/25/2012 Service Pack 2 SJ Web Edition


---------------------
; Table of Contents ;
---------------------
  1. Legal Notice
  2. Flow Summary
  3. Flow Settings
  4. Flow Non-Default Global Settings
  5. Flow Elapsed Time
  6. Flow OS Summary
  7. Flow Log



----------------
; Legal Notice ;
----------------
Copyright (C) 1991-2011 Altera Corporation
Your use of Altera Corporation's design tools, logic functions 
and other software and tools, and its AMPP partner logic 
functions, and any output files from any of the foregoing 
(including device programming or simulation files), and any 
associated documentation or information are expressly subject 
to the terms and conditions of the Altera Program License 
Subscription Agreement, Altera MegaCore Function License 
Agreement, or other applicable license agreement, including, 
without limitation, that your use is for the sole purpose of 
programming logic devices manufactured by Altera and sold by 
Altera or its authorized distributors.  Please refer to the 
applicable agreement for further details.



+------------------------------------------------------------------------------------+
; Flow Summary                                                                       ;
+------------------------------------+-----------------------------------------------+
; Flow Status                        ; Successful - Mon Jun 09 14:34:23 2014         ;
; Quartus II 32-bit Version          ; 11.1 Build 259 01/25/2012 SP 2 SJ Web Edition ;
; Revision Name                      ; Proyecto                                      ;
; Top-level Entity Name              ; main                                          ;
; Family                             ; Cyclone II                                    ;
; Device                             ; EP2C70F896C6                                  ;
; Timing Models                      ; Final                                         ;
; Total logic elements               ; 11,968 / 68,416 ( 17 % )                      ;
;     Total combinational functions  ; 9,949 / 68,416 ( 15 % )                       ;
;     Dedicated logic registers      ; 6,140 / 68,416 ( 9 % )                        ;
; Total registers                    ; 6278                                          ;
; Total pins                         ; 132 / 622 ( 21 % )                            ;
; Total virtual pins                 ; 0                                             ;
; Total memory bits                  ; 239,905 / 1,152,000 ( 21 % )                  ;
; Embedded Multiplier 9-bit elements ; 11 / 300 ( 4 % )                              ;
; Total PLLs                         ; 1 / 4 ( 25 % )                                ;
+------------------------------------+-----------------------------------------------+


+-----------------------------------------+
; Flow Settings                           ;
+-------------------+---------------------+
; Option            ; Setting             ;
+-------------------+---------------------+
; Start date & time ; 06/09/2014 14:30:59 ;
; Main task         ; Compilation         ;
; Revision Name     ; Proyecto            ;
+-------------------+---------------------+


+------------------------------------------------------------------------------------------------------------------------------------------------------------------------------+
; Flow Non-Default Global Settings                                                                                                                                             ;
+-------------------------------------+------------------------------------------------------------+---------------+------------------------------------------+----------------+
; Assignment Name                     ; Value                                                      ; Default Value ; Entity Name                              ; Section Id     ;
+-------------------------------------+------------------------------------------------------------+---------------+------------------------------------------+----------------+
; COMPILER_SIGNATURE_ID               ; 273440549019824.140234225807112                            ; --            ; --                                       ; --             ;
; EDA_OUTPUT_DATA_FORMAT              ; Vhdl                                                       ; --            ; --                                       ; eda_simulation ;
; EDA_SIMULATION_TOOL                 ; ModelSim-Altera (VHDL)                                     ; <None>        ; --                                       ; --             ;
; IP_TOOL_ENV                         ; qsys                                                       ; --            ; --                                       ; --             ;
; IP_TOOL_ENV                         ; qsys                                                       ; --            ; Proyecto_addr_router                     ; --             ;
; IP_TOOL_ENV                         ; qsys                                                       ; --            ; Proyecto_addr_router_001                 ; --             ;
; IP_TOOL_ENV                         ; qsys                                                       ; --            ; Proyecto_addr_router_002                 ; --             ;
; IP_TOOL_ENV                         ; qsys                                                       ; --            ; Proyecto_addr_router_003                 ; --             ;
; IP_TOOL_ENV                         ; qsys                                                       ; --            ; Proyecto_addr_router_005                 ; --             ;
; IP_TOOL_ENV                         ; qsys                                                       ; --            ; Proyecto_cmd_xbar_demux                  ; --             ;
; IP_TOOL_ENV                         ; qsys                                                       ; --            ; Proyecto_cmd_xbar_demux_001              ; --             ;
; IP_TOOL_ENV                         ; qsys                                                       ; --            ; Proyecto_cmd_xbar_demux_002              ; --             ;
; IP_TOOL_ENV                         ; qsys                                                       ; --            ; Proyecto_cmd_xbar_demux_003              ; --             ;
; IP_TOOL_ENV                         ; qsys                                                       ; --            ; Proyecto_cmd_xbar_demux_004              ; --             ;
; IP_TOOL_ENV                         ; qsys                                                       ; --            ; Proyecto_cmd_xbar_demux_005              ; --             ;
; IP_TOOL_ENV                         ; qsys                                                       ; --            ; Proyecto_cmd_xbar_mux                    ; --             ;
; IP_TOOL_ENV                         ; qsys                                                       ; --            ; Proyecto_cmd_xbar_mux_004                ; --             ;
; IP_TOOL_ENV                         ; qsys                                                       ; --            ; Proyecto_cmd_xbar_mux_013                ; --             ;
; IP_TOOL_ENV                         ; qsys                                                       ; --            ; Proyecto_id_router                       ; --             ;
; IP_TOOL_ENV                         ; qsys                                                       ; --            ; Proyecto_id_router_001                   ; --             ;
; IP_TOOL_ENV                         ; qsys                                                       ; --            ; Proyecto_id_router_002                   ; --             ;
; IP_TOOL_ENV                         ; qsys                                                       ; --            ; Proyecto_id_router_004                   ; --             ;
; IP_TOOL_ENV                         ; qsys                                                       ; --            ; Proyecto_id_router_009                   ; --             ;
; IP_TOOL_ENV                         ; qsys                                                       ; --            ; Proyecto_id_router_012                   ; --             ;
; IP_TOOL_ENV                         ; qsys                                                       ; --            ; Proyecto_id_router_013                   ; --             ;
; IP_TOOL_ENV                         ; qsys                                                       ; --            ; Proyecto_irq_mapper                      ; --             ;
; IP_TOOL_ENV                         ; qsys                                                       ; --            ; Proyecto_lcd_0                           ; --             ;
; IP_TOOL_ENV                         ; qsys                                                       ; --            ; Proyecto_nios2_qsys_0                    ; --             ;
; IP_TOOL_ENV                         ; qsys                                                       ; --            ; Proyecto_onchip_memory2_0                ; --             ;
; IP_TOOL_ENV                         ; qsys                                                       ; --            ; Proyecto_onchip_memory2_1                ; --             ;
; IP_TOOL_ENV                         ; qsys                                                       ; --            ; Proyecto_rsp_xbar_demux_004              ; --             ;
; IP_TOOL_ENV                         ; qsys                                                       ; --            ; Proyecto_rsp_xbar_demux_013              ; --             ;
; IP_TOOL_ENV                         ; qsys                                                       ; --            ; Proyecto_rsp_xbar_mux                    ; --             ;
; IP_TOOL_ENV                         ; qsys                                                       ; --            ; Proyecto_rsp_xbar_mux_001                ; --             ;
; IP_TOOL_ENV                         ; qsys                                                       ; --            ; Proyecto_sdram_0                         ; --             ;
; IP_TOOL_ENV                         ; qsys                                                       ; --            ; Proyecto_sgdma_0                         ; --             ;
; IP_TOOL_ENV                         ; qsys                                                       ; --            ; Proyecto_sysid_qsys_0                    ; --             ;
; IP_TOOL_ENV                         ; qsys                                                       ; --            ; Proyecto_timer_0                         ; --             ;
; IP_TOOL_ENV                         ; qsys                                                       ; --            ; altera_avalon_dc_fifo                    ; --             ;
; IP_TOOL_ENV                         ; qsys                                                       ; --            ; altera_avalon_mm_bridge                  ; --             ;
; IP_TOOL_ENV                         ; qsys                                                       ; --            ; altera_avalon_pixel_converter            ; --             ;
; IP_TOOL_ENV                         ; qsys                                                       ; --            ; altera_avalon_sc_fifo                    ; --             ;
; IP_TOOL_ENV                         ; qsys                                                       ; --            ; altera_avalon_st_handshake_clock_crosser ; --             ;
; IP_TOOL_ENV                         ; qsys                                                       ; --            ; altera_avalon_video_sync_generator       ; --             ;
; IP_TOOL_ENV                         ; qsys                                                       ; --            ; altera_irq_clock_crosser                 ; --             ;
; IP_TOOL_ENV                         ; qsys                                                       ; --            ; altera_merlin_burst_adapter              ; --             ;
; IP_TOOL_ENV                         ; qsys                                                       ; --            ; altera_merlin_master_agent               ; --             ;
; IP_TOOL_ENV                         ; qsys                                                       ; --            ; altera_merlin_master_translator          ; --             ;
; IP_TOOL_ENV                         ; qsys                                                       ; --            ; altera_merlin_slave_agent                ; --             ;
; IP_TOOL_ENV                         ; qsys                                                       ; --            ; altera_merlin_slave_translator           ; --             ;
; IP_TOOL_ENV                         ; qsys                                                       ; --            ; altera_merlin_traffic_limiter            ; --             ;
; IP_TOOL_ENV                         ; qsys                                                       ; --            ; altera_merlin_width_adapter              ; --             ;
; IP_TOOL_ENV                         ; qsys                                                       ; --            ; altera_reset_controller                  ; --             ;
; IP_TOOL_NAME                        ; ALTPLL                                                     ; --            ; --                                       ; --             ;
; IP_TOOL_NAME                        ; qsys                                                       ; --            ; --                                       ; --             ;
; IP_TOOL_NAME                        ; altera_merlin_router                                       ; --            ; Proyecto_addr_router                     ; --             ;
; IP_TOOL_NAME                        ; altera_merlin_router                                       ; --            ; Proyecto_addr_router_001                 ; --             ;
; IP_TOOL_NAME                        ; altera_merlin_router                                       ; --            ; Proyecto_addr_router_002                 ; --             ;
; IP_TOOL_NAME                        ; altera_merlin_router                                       ; --            ; Proyecto_addr_router_003                 ; --             ;
; IP_TOOL_NAME                        ; altera_merlin_router                                       ; --            ; Proyecto_addr_router_005                 ; --             ;
; IP_TOOL_NAME                        ; altera_merlin_demultiplexer                                ; --            ; Proyecto_cmd_xbar_demux                  ; --             ;
; IP_TOOL_NAME                        ; altera_merlin_demultiplexer                                ; --            ; Proyecto_cmd_xbar_demux_001              ; --             ;
; IP_TOOL_NAME                        ; altera_merlin_demultiplexer                                ; --            ; Proyecto_cmd_xbar_demux_002              ; --             ;
; IP_TOOL_NAME                        ; altera_merlin_demultiplexer                                ; --            ; Proyecto_cmd_xbar_demux_003              ; --             ;
; IP_TOOL_NAME                        ; altera_merlin_demultiplexer                                ; --            ; Proyecto_cmd_xbar_demux_004              ; --             ;
; IP_TOOL_NAME                        ; altera_merlin_demultiplexer                                ; --            ; Proyecto_cmd_xbar_demux_005              ; --             ;
; IP_TOOL_NAME                        ; altera_merlin_multiplexer                                  ; --            ; Proyecto_cmd_xbar_mux                    ; --             ;
; IP_TOOL_NAME                        ; altera_merlin_multiplexer                                  ; --            ; Proyecto_cmd_xbar_mux_004                ; --             ;
; IP_TOOL_NAME                        ; altera_merlin_multiplexer                                  ; --            ; Proyecto_cmd_xbar_mux_013                ; --             ;
; IP_TOOL_NAME                        ; altera_merlin_router                                       ; --            ; Proyecto_id_router                       ; --             ;
; IP_TOOL_NAME                        ; altera_merlin_router                                       ; --            ; Proyecto_id_router_001                   ; --             ;
; IP_TOOL_NAME                        ; altera_merlin_router                                       ; --            ; Proyecto_id_router_002                   ; --             ;
; IP_TOOL_NAME                        ; altera_merlin_router                                       ; --            ; Proyecto_id_router_004                   ; --             ;
; IP_TOOL_NAME                        ; altera_merlin_router                                       ; --            ; Proyecto_id_router_009                   ; --             ;
; IP_TOOL_NAME                        ; altera_merlin_router                                       ; --            ; Proyecto_id_router_012                   ; --             ;
; IP_TOOL_NAME                        ; altera_merlin_router                                       ; --            ; Proyecto_id_router_013                   ; --             ;
; IP_TOOL_NAME                        ; altera_irq_mapper                                          ; --            ; Proyecto_irq_mapper                      ; --             ;
; IP_TOOL_NAME                        ; altera_avalon_lcd_16207                                    ; --            ; Proyecto_lcd_0                           ; --             ;
; IP_TOOL_NAME                        ; altera_nios2_qsys                                          ; --            ; Proyecto_nios2_qsys_0                    ; --             ;
; IP_TOOL_NAME                        ; altera_avalon_onchip_memory2                               ; --            ; Proyecto_onchip_memory2_0                ; --             ;
; IP_TOOL_NAME                        ; altera_avalon_onchip_memory2                               ; --            ; Proyecto_onchip_memory2_1                ; --             ;
; IP_TOOL_NAME                        ; altera_merlin_demultiplexer                                ; --            ; Proyecto_rsp_xbar_demux_004              ; --             ;
; IP_TOOL_NAME                        ; altera_merlin_demultiplexer                                ; --            ; Proyecto_rsp_xbar_demux_013              ; --             ;
; IP_TOOL_NAME                        ; altera_merlin_multiplexer                                  ; --            ; Proyecto_rsp_xbar_mux                    ; --             ;
; IP_TOOL_NAME                        ; altera_merlin_multiplexer                                  ; --            ; Proyecto_rsp_xbar_mux_001                ; --             ;
; IP_TOOL_NAME                        ; altera_avalon_new_sdram_controller                         ; --            ; Proyecto_sdram_0                         ; --             ;
; IP_TOOL_NAME                        ; altera_avalon_sgdma                                        ; --            ; Proyecto_sgdma_0                         ; --             ;
; IP_TOOL_NAME                        ; altera_avalon_sysid_qsys                                   ; --            ; Proyecto_sysid_qsys_0                    ; --             ;
; IP_TOOL_NAME                        ; altera_avalon_timer                                        ; --            ; Proyecto_timer_0                         ; --             ;
; IP_TOOL_NAME                        ; altera_avalon_dc_fifo                                      ; --            ; altera_avalon_dc_fifo                    ; --             ;
; IP_TOOL_NAME                        ; altera_avalon_mm_bridge                                    ; --            ; altera_avalon_mm_bridge                  ; --             ;
; IP_TOOL_NAME                        ; altera_avalon_pixel_converter                              ; --            ; altera_avalon_pixel_converter            ; --             ;
; IP_TOOL_NAME                        ; altera_avalon_sc_fifo                                      ; --            ; altera_avalon_sc_fifo                    ; --             ;
; IP_TOOL_NAME                        ; altera_avalon_st_handshake_clock_crosser                   ; --            ; altera_avalon_st_handshake_clock_crosser ; --             ;
; IP_TOOL_NAME                        ; altera_avalon_video_sync_generator                         ; --            ; altera_avalon_video_sync_generator       ; --             ;
; IP_TOOL_NAME                        ; altera_irq_clock_crosser                                   ; --            ; altera_irq_clock_crosser                 ; --             ;
; IP_TOOL_NAME                        ; altera_merlin_burst_adapter                                ; --            ; altera_merlin_burst_adapter              ; --             ;
; IP_TOOL_NAME                        ; altera_merlin_master_agent                                 ; --            ; altera_merlin_master_agent               ; --             ;
; IP_TOOL_NAME                        ; altera_merlin_master_translator                            ; --            ; altera_merlin_master_translator          ; --             ;
; IP_TOOL_NAME                        ; altera_merlin_slave_agent                                  ; --            ; altera_merlin_slave_agent                ; --             ;
; IP_TOOL_NAME                        ; altera_merlin_slave_translator                             ; --            ; altera_merlin_slave_translator           ; --             ;
; IP_TOOL_NAME                        ; altera_merlin_traffic_limiter                              ; --            ; altera_merlin_traffic_limiter            ; --             ;
; IP_TOOL_NAME                        ; altera_merlin_width_adapter                                ; --            ; altera_merlin_width_adapter              ; --             ;
; IP_TOOL_NAME                        ; altera_reset_controller                                    ; --            ; altera_reset_controller                  ; --             ;
; IP_TOOL_VERSION                     ; 11.1                                                       ; --            ; --                                       ; --             ;
; IP_TOOL_VERSION                     ; 11.1sp2                                                    ; --            ; --                                       ; --             ;
; IP_TOOL_VERSION                     ; 11.1                                                       ; --            ; Proyecto_addr_router                     ; --             ;
; IP_TOOL_VERSION                     ; 11.1                                                       ; --            ; Proyecto_addr_router_001                 ; --             ;
; IP_TOOL_VERSION                     ; 11.1                                                       ; --            ; Proyecto_addr_router_002                 ; --             ;
; IP_TOOL_VERSION                     ; 11.1                                                       ; --            ; Proyecto_addr_router_003                 ; --             ;
; IP_TOOL_VERSION                     ; 11.1                                                       ; --            ; Proyecto_addr_router_005                 ; --             ;
; IP_TOOL_VERSION                     ; 11.1                                                       ; --            ; Proyecto_cmd_xbar_demux                  ; --             ;
; IP_TOOL_VERSION                     ; 11.1                                                       ; --            ; Proyecto_cmd_xbar_demux_001              ; --             ;
; IP_TOOL_VERSION                     ; 11.1                                                       ; --            ; Proyecto_cmd_xbar_demux_002              ; --             ;
; IP_TOOL_VERSION                     ; 11.1                                                       ; --            ; Proyecto_cmd_xbar_demux_003              ; --             ;
; IP_TOOL_VERSION                     ; 11.1                                                       ; --            ; Proyecto_cmd_xbar_demux_004              ; --             ;
; IP_TOOL_VERSION                     ; 11.1                                                       ; --            ; Proyecto_cmd_xbar_demux_005              ; --             ;
; IP_TOOL_VERSION                     ; 11.1                                                       ; --            ; Proyecto_cmd_xbar_mux                    ; --             ;
; IP_TOOL_VERSION                     ; 11.1                                                       ; --            ; Proyecto_cmd_xbar_mux_004                ; --             ;
; IP_TOOL_VERSION                     ; 11.1                                                       ; --            ; Proyecto_cmd_xbar_mux_013                ; --             ;
; IP_TOOL_VERSION                     ; 11.1                                                       ; --            ; Proyecto_id_router                       ; --             ;
; IP_TOOL_VERSION                     ; 11.1                                                       ; --            ; Proyecto_id_router_001                   ; --             ;
; IP_TOOL_VERSION                     ; 11.1                                                       ; --            ; Proyecto_id_router_002                   ; --             ;
; IP_TOOL_VERSION                     ; 11.1                                                       ; --            ; Proyecto_id_router_004                   ; --             ;
; IP_TOOL_VERSION                     ; 11.1                                                       ; --            ; Proyecto_id_router_009                   ; --             ;
; IP_TOOL_VERSION                     ; 11.1                                                       ; --            ; Proyecto_id_router_012                   ; --             ;
; IP_TOOL_VERSION                     ; 11.1                                                       ; --            ; Proyecto_id_router_013                   ; --             ;
; IP_TOOL_VERSION                     ; 11.1                                                       ; --            ; Proyecto_irq_mapper                      ; --             ;
; IP_TOOL_VERSION                     ; 11.1                                                       ; --            ; Proyecto_lcd_0                           ; --             ;
; IP_TOOL_VERSION                     ; 11.1                                                       ; --            ; Proyecto_nios2_qsys_0                    ; --             ;
; IP_TOOL_VERSION                     ; 11.1                                                       ; --            ; Proyecto_onchip_memory2_0                ; --             ;
; IP_TOOL_VERSION                     ; 11.1                                                       ; --            ; Proyecto_onchip_memory2_1                ; --             ;
; IP_TOOL_VERSION                     ; 11.1                                                       ; --            ; Proyecto_rsp_xbar_demux_004              ; --             ;
; IP_TOOL_VERSION                     ; 11.1                                                       ; --            ; Proyecto_rsp_xbar_demux_013              ; --             ;
; IP_TOOL_VERSION                     ; 11.1                                                       ; --            ; Proyecto_rsp_xbar_mux                    ; --             ;
; IP_TOOL_VERSION                     ; 11.1                                                       ; --            ; Proyecto_rsp_xbar_mux_001                ; --             ;
; IP_TOOL_VERSION                     ; 11.1                                                       ; --            ; Proyecto_sdram_0                         ; --             ;
; IP_TOOL_VERSION                     ; 11.1                                                       ; --            ; Proyecto_sgdma_0                         ; --             ;
; IP_TOOL_VERSION                     ; 11.1                                                       ; --            ; Proyecto_sysid_qsys_0                    ; --             ;
; IP_TOOL_VERSION                     ; 11.1                                                       ; --            ; Proyecto_timer_0                         ; --             ;
; IP_TOOL_VERSION                     ; 11.1                                                       ; --            ; altera_avalon_dc_fifo                    ; --             ;
; IP_TOOL_VERSION                     ; 11.1                                                       ; --            ; altera_avalon_mm_bridge                  ; --             ;
; IP_TOOL_VERSION                     ; 11.1                                                       ; --            ; altera_avalon_pixel_converter            ; --             ;
; IP_TOOL_VERSION                     ; 11.1                                                       ; --            ; altera_avalon_sc_fifo                    ; --             ;
; IP_TOOL_VERSION                     ; 11.1                                                       ; --            ; altera_avalon_st_handshake_clock_crosser ; --             ;
; IP_TOOL_VERSION                     ; 11.1                                                       ; --            ; altera_avalon_video_sync_generator       ; --             ;
; IP_TOOL_VERSION                     ; 11.1                                                       ; --            ; altera_irq_clock_crosser                 ; --             ;
; IP_TOOL_VERSION                     ; 11.1                                                       ; --            ; altera_merlin_burst_adapter              ; --             ;
; IP_TOOL_VERSION                     ; 11.1                                                       ; --            ; altera_merlin_master_agent               ; --             ;
; IP_TOOL_VERSION                     ; 11.1                                                       ; --            ; altera_merlin_master_translator          ; --             ;
; IP_TOOL_VERSION                     ; 11.1                                                       ; --            ; altera_merlin_slave_agent                ; --             ;
; IP_TOOL_VERSION                     ; 11.1                                                       ; --            ; altera_merlin_slave_translator           ; --             ;
; IP_TOOL_VERSION                     ; 11.1                                                       ; --            ; altera_merlin_traffic_limiter            ; --             ;
; IP_TOOL_VERSION                     ; 11.1                                                       ; --            ; altera_merlin_width_adapter              ; --             ;
; IP_TOOL_VERSION                     ; 11.1                                                       ; --            ; altera_reset_controller                  ; --             ;
; MAX_CORE_JUNCTION_TEMP              ; 85                                                         ; --            ; --                                       ; --             ;
; MIN_CORE_JUNCTION_TEMP              ; 0                                                          ; --            ; --                                       ; --             ;
; MISC_FILE                           ; Proyecto/synthesis/../../Proyecto.sopcinfo                 ; --            ; --                                       ; --             ;
; MISC_FILE                           ; Proyecto/synthesis/../../Proyecto.qsys                     ; --            ; --                                       ; --             ;
; MISC_FILE                           ; pll.cmp                                                    ; --            ; --                                       ; --             ;
; MISC_FILE                           ; pll.ppf                                                    ; --            ; --                                       ; --             ;
; PARTITION_COLOR                     ; 16764057                                                   ; --            ; main                                     ; Top            ;
; PARTITION_FITTER_PRESERVATION_LEVEL ; PLACEMENT_AND_ROUTING                                      ; --            ; main                                     ; Top            ;
; PARTITION_NETLIST_TYPE              ; SOURCE                                                     ; --            ; main                                     ; Top            ;
; PROJECT_OUTPUT_DIRECTORY            ; output_files                                               ; --            ; --                                       ; --             ;
; SLD_INFO                            ; QSYS_NAME Proyecto HAS_SOPCINFO 1 GENERATION_ID 1402342180 ; --            ; --                                       ; --             ;
; TOP_LEVEL_ENTITY                    ; main                                                       ; Proyecto      ; --                                       ; --             ;
+-------------------------------------+------------------------------------------------------------+---------------+------------------------------------------+----------------+


+-------------------------------------------------------------------------------------------------------------------------------+
; Flow Elapsed Time                                                                                                             ;
+---------------------------+--------------+-------------------------+---------------------+------------------------------------+
; Module Name               ; Elapsed Time ; Average Processors Used ; Peak Virtual Memory ; Total CPU Time (on all processors) ;
+---------------------------+--------------+-------------------------+---------------------+------------------------------------+
; Analysis & Synthesis      ; 00:01:04     ; 1.0                     ; 482 MB              ; 00:01:04                           ;
; Fitter                    ; 00:01:30     ; 1.0                     ; 623 MB              ; 00:01:30                           ;
; TimeQuest Timing Analyzer ; 00:00:12     ; 1.0                     ; 433 MB              ; 00:00:12                           ;
; Assembler                 ; 00:00:04     ; 1.0                     ; 443 MB              ; 00:00:04                           ;
; Total                     ; 00:02:50     ; --                      ; --                  ; 00:02:50                           ;
+---------------------------+--------------+-------------------------+---------------------+------------------------------------+


+----------------------------------------------------------------------------------------+
; Flow OS Summary                                                                        ;
+---------------------------+------------------+-----------+------------+----------------+
; Module Name               ; Machine Hostname ; OS Name   ; OS Version ; Processor type ;
+---------------------------+------------------+-----------+------------+----------------+
; Analysis & Synthesis      ; BILTC102         ; Windows 7 ; 6.1        ; x86_64         ;
; Fitter                    ; BILTC102         ; Windows 7 ; 6.1        ; x86_64         ;
; TimeQuest Timing Analyzer ; BILTC102         ; Windows 7 ; 6.1        ; x86_64         ;
; Assembler                 ; BILTC102         ; Windows 7 ; 6.1        ; x86_64         ;
+---------------------------+------------------+-----------+------------+----------------+


------------
; Flow Log ;
------------
quartus_map --read_settings_files=on --write_settings_files=off Proyecto -c Proyecto
quartus_fit --read_settings_files=off --write_settings_files=off Proyecto -c Proyecto
quartus_sta Proyecto -c Proyecto
quartus_asm --read_settings_files=on --write_settings_files=off Proyecto -c Proyecto



